

================================================================
== Vitis HLS Report for 'xFMagnitudeKernel_2_2_720_1280_3_3_1_5_5_1280_3840_s'
================================================================
* Date:           Tue Jan 24 22:05:12 2023

* Version:        2020.2 (Build 3064766 on Wed Nov 18 09:12:45 MST 2020)
* Project:        edge_canny_detector
* Solution:       solution1 (Vivado IP Flow Target)
* Product family: zynq
* Target device:  xc7z020-clg400-2


================================================================
== Performance Estimates
================================================================
+ Timing: 
    * Summary: 
    +--------+----------+----------+------------+
    |  Clock |  Target  | Estimated| Uncertainty|
    +--------+----------+----------+------------+
    |ap_clk  |  10.00 ns|  6.978 ns|     2.70 ns|
    +--------+----------+----------+------------+

+ Latency: 
    * Summary: 
    +---------+---------+----------+----------+--------+--------+---------+
    |  Latency (cycles) |  Latency (absolute) |     Interval    | Pipeline|
    |   min   |   max   |    min   |    max   |   min  |   max  |   Type  |
    +---------+---------+----------+----------+--------+--------+---------+
    |   932401|   932401|  9.324 ms|  9.324 ms|  932401|  932401|     none|
    +---------+---------+----------+----------+--------+--------+---------+

    + Detail: 
        * Instance: 
        N/A

        * Loop: 
        +------------+---------+---------+----------+-----------+-----------+------+----------+
        |            |  Latency (cycles) | Iteration|  Initiation Interval  | Trip |          |
        |  Loop Name |   min   |   max   |  Latency |  achieved |   target  | Count| Pipelined|
        +------------+---------+---------+----------+-----------+-----------+------+----------+
        |- rowLoop   |   932400|   932400|      1295|          -|          -|   720|        no|
        | + colLoop  |     1292|     1292|        14|          1|          1|  1280|       yes|
        +------------+---------+---------+----------+-----------+-----------+------+----------+

============================================================
+ Verbose Summary: Synthesis Manager
============================================================
InlineROM: 1
ExposeGlobal: 0
============================================================
+ Verbose Summary: CDFG Model
============================================================
IsTopModel: 0
ResetActiveHigh: 1
IsCombinational: 2
IsDatapathOnly: 0
HasWiredReturn: 1
HasMFsm: 0
HasVarLatency: 1
IsPipeline: 0
IsRtlPipelined: 0
IsInstanceOverlapped: 0
IsDontTouch: 0
HasImplIP: 0
IsGatedGlobalClock: 0

+ Individual pipeline summary: 
  * Pipeline-0: initiation interval (II) = 1, depth = 14


============================================================
+ Verbose Summary: Schedule
============================================================
* Number of FSM states : 17
* Pipeline : 1
  Pipeline-0 : II = 1, D = 14, States = { 3 4 5 6 7 8 9 10 11 12 13 14 15 16 }
* Dataflow Pipeline: 0

* FSM state transitions: 
1 --> 2 
2 --> 3 
3 --> 17 4 
4 --> 5 
5 --> 6 
6 --> 7 
7 --> 8 
8 --> 9 
9 --> 10 
10 --> 11 
11 --> 12 
12 --> 13 
13 --> 14 
14 --> 15 
15 --> 16 
16 --> 3 
17 --> 2 

* FSM state operations: 

State 1 <SV = 0> <Delay = 1.29>
ST_1 : Operation 18 [1/1] (0.00ns)   --->   "%specinterface_ln0 = specinterface void @_ssdm_op_SpecInterface, i16 %magnitude_mat_4216, void @empty_17, i32 0, i32 0, void @empty_5, i32 0, i32 0, void @empty_5, void @empty_5, void @empty_5, i32 0, i32 0, i32 0, i32 0, void @empty_5, void @empty_5"   --->   Operation 18 'specinterface' 'specinterface_ln0' <Predicate = true> <Delay = 0.00>
ST_1 : Operation 19 [1/1] (0.00ns)   --->   "%specinterface_ln0 = specinterface void @_ssdm_op_SpecInterface, i16 %grady1_mat_4214, void @empty_17, i32 0, i32 0, void @empty_5, i32 0, i32 0, void @empty_5, void @empty_5, void @empty_5, i32 0, i32 0, i32 0, i32 0, void @empty_5, void @empty_5"   --->   Operation 19 'specinterface' 'specinterface_ln0' <Predicate = true> <Delay = 0.00>
ST_1 : Operation 20 [1/1] (0.00ns)   --->   "%specinterface_ln0 = specinterface void @_ssdm_op_SpecInterface, i16 %gradx1_mat_4211, void @empty_17, i32 0, i32 0, void @empty_5, i32 0, i32 0, void @empty_5, void @empty_5, void @empty_5, i32 0, i32 0, i32 0, i32 0, void @empty_5, void @empty_5"   --->   Operation 20 'specinterface' 'specinterface_ln0' <Predicate = true> <Delay = 0.00>
ST_1 : Operation 21 [1/1] (1.29ns)   --->   "%br_ln72 = br void" [source/imgproc/xf_magnitude.hpp:72]   --->   Operation 21 'br' 'br_ln72' <Predicate = true> <Delay = 1.29>

State 2 <SV = 1> <Delay = 1.94>
ST_2 : Operation 22 [1/1] (0.00ns)   --->   "%i = phi i10 0, void %.lr.ph14, i10 %i_2, void %._crit_edge.loopexit"   --->   Operation 22 'phi' 'i' <Predicate = true> <Delay = 0.00>
ST_2 : Operation 23 [1/1] (1.41ns)   --->   "%i_2 = add i10 %i, i10 1" [source/imgproc/xf_magnitude.hpp:72]   --->   Operation 23 'add' 'i_2' <Predicate = true> <Delay = 1.41> <CoreInst = "Adder">   --->   Core 1 'Adder' <Latency = 0> <II = 1> <Delay = 1.41> <FuncUnit> <Opcode : 'add' 'sub'> <InPorts = 2> <OutPorts = 1>
ST_2 : Operation 24 [1/1] (1.94ns)   --->   "%icmp_ln72 = icmp_eq  i10 %i, i10 720" [source/imgproc/xf_magnitude.hpp:72]   --->   Operation 24 'icmp' 'icmp_ln72' <Predicate = true> <Delay = 1.94> <CoreInst = "Cmp">   --->   Core 9 'Cmp' <Latency = 0> <II = 1> <Delay = 1.94> <FuncUnit> <Opcode : 'icmp'> <InPorts = 2> <OutPorts = 1>
ST_2 : Operation 25 [1/1] (0.00ns)   --->   "%br_ln72 = br i1 %icmp_ln72, void %.split5, void %._crit_edge15.loopexit" [source/imgproc/xf_magnitude.hpp:72]   --->   Operation 25 'br' 'br_ln72' <Predicate = true> <Delay = 0.00>
ST_2 : Operation 26 [1/1] (0.00ns)   --->   "%speclooptripcount_ln65 = speclooptripcount void @_ssdm_op_SpecLoopTripCount, i64 720, i64 720, i64 720" [source/imgproc/xf_magnitude.hpp:65]   --->   Operation 26 'speclooptripcount' 'speclooptripcount_ln65' <Predicate = (!icmp_ln72)> <Delay = 0.00>
ST_2 : Operation 27 [1/1] (0.00ns)   --->   "%specloopname_ln65 = specloopname void @_ssdm_op_SpecLoopName, void @empty_7" [source/imgproc/xf_magnitude.hpp:65]   --->   Operation 27 'specloopname' 'specloopname_ln65' <Predicate = (!icmp_ln72)> <Delay = 0.00>
ST_2 : Operation 28 [1/1] (1.29ns)   --->   "%br_ln79 = br void" [source/imgproc/xf_magnitude.hpp:79]   --->   Operation 28 'br' 'br_ln79' <Predicate = (!icmp_ln72)> <Delay = 1.29>
ST_2 : Operation 29 [1/1] (0.00ns)   --->   "%ret_ln116 = ret" [source/imgproc/xf_magnitude.hpp:116]   --->   Operation 29 'ret' 'ret_ln116' <Predicate = (icmp_ln72)> <Delay = 0.00>

State 3 <SV = 2> <Delay = 1.88>
ST_3 : Operation 30 [1/1] (0.00ns)   --->   "%j = phi i11 0, void %.split5, i11 %j_2, void %.split3"   --->   Operation 30 'phi' 'j' <Predicate = true> <Delay = 0.00>
ST_3 : Operation 31 [1/1] (1.48ns)   --->   "%j_2 = add i11 %j, i11 1" [source/imgproc/xf_magnitude.hpp:79]   --->   Operation 31 'add' 'j_2' <Predicate = true> <Delay = 1.48> <CoreInst = "Adder">   --->   Core 1 'Adder' <Latency = 0> <II = 1> <Delay = 1.41> <FuncUnit> <Opcode : 'add' 'sub'> <InPorts = 2> <OutPorts = 1>
ST_3 : Operation 32 [1/1] (1.88ns)   --->   "%icmp_ln79 = icmp_eq  i11 %j, i11 1280" [source/imgproc/xf_magnitude.hpp:79]   --->   Operation 32 'icmp' 'icmp_ln79' <Predicate = true> <Delay = 1.88> <CoreInst = "Cmp">   --->   Core 9 'Cmp' <Latency = 0> <II = 1> <Delay = 1.94> <FuncUnit> <Opcode : 'icmp'> <InPorts = 2> <OutPorts = 1>
ST_3 : Operation 33 [1/1] (0.00ns)   --->   "%br_ln79 = br i1 %icmp_ln79, void %.split3, void %._crit_edge.loopexit" [source/imgproc/xf_magnitude.hpp:79]   --->   Operation 33 'br' 'br_ln79' <Predicate = true> <Delay = 0.00>

State 4 <SV = 3> <Delay = 5.57>
ST_4 : Operation 34 [1/1] (3.40ns)   --->   "%tmp_V = read i16 @_ssdm_op_Read.ap_fifo.volatile.i16P0A, i16 %gradx1_mat_4211" [C:/Xilinx/Vitis_HLS/2020.2/common/technology/autopilot/hls_stream_39.h:145]   --->   Operation 34 'read' 'tmp_V' <Predicate = (!icmp_ln79)> <Delay = 3.40> <CoreInst = "FIFO_SRL">   --->   Core 81 'FIFO_SRL' <Latency = 0> <II = 1> <Delay = 3.40> <Storage> <Opcode : 'read' 'write' 'nbread' 'nbwrite'> <Ports = 0> <Width = 16> <Depth = 2> <FIFO>
ST_4 : Operation 35 [1/1] (3.40ns)   --->   "%tmp_V_9 = read i16 @_ssdm_op_Read.ap_fifo.volatile.i16P0A, i16 %grady1_mat_4214" [C:/Xilinx/Vitis_HLS/2020.2/common/technology/autopilot/hls_stream_39.h:145]   --->   Operation 35 'read' 'tmp_V_9' <Predicate = (!icmp_ln79)> <Delay = 3.40> <CoreInst = "FIFO_SRL">   --->   Core 81 'FIFO_SRL' <Latency = 0> <II = 1> <Delay = 3.40> <Storage> <Opcode : 'read' 'write' 'nbread' 'nbwrite'> <Ports = 0> <Width = 16> <Depth = 2> <FIFO>
ST_4 : Operation 36 [1/1] (0.00ns)   --->   "%tmp_1 = bitselect i1 @_ssdm_op_BitSelect.i1.i16.i32, i16 %tmp_V, i32 15" [source/imgproc/xf_magnitude.hpp:98]   --->   Operation 36 'bitselect' 'tmp_1' <Predicate = (!icmp_ln79)> <Delay = 0.00>
ST_4 : Operation 37 [1/1] (1.54ns)   --->   "%sub_ln98 = sub i16 0, i16 %tmp_V" [source/imgproc/xf_magnitude.hpp:98]   --->   Operation 37 'sub' 'sub_ln98' <Predicate = (!icmp_ln79)> <Delay = 1.54> <CoreInst = "Adder">   --->   Core 1 'Adder' <Latency = 0> <II = 1> <Delay = 1.41> <FuncUnit> <Opcode : 'add' 'sub'> <InPorts = 2> <OutPorts = 1>
ST_4 : Operation 38 [1/1] (0.62ns)   --->   "%p_1 = select i1 %tmp_1, i16 %sub_ln98, i16 %tmp_V" [source/imgproc/xf_magnitude.hpp:98]   --->   Operation 38 'select' 'p_1' <Predicate = (!icmp_ln79)> <Delay = 0.62> <CoreInst = "Sel">   --->   Core 73 'Sel' <Latency = 0> <II = 1> <Delay = 0.81> <FuncUnit> <Opcode : 'select'> <InPorts = 3> <OutPorts = 1>
ST_4 : Operation 39 [1/1] (0.00ns)   --->   "%tmp_3 = bitselect i1 @_ssdm_op_BitSelect.i1.i16.i32, i16 %tmp_V_9, i32 15" [source/imgproc/xf_magnitude.hpp:99]   --->   Operation 39 'bitselect' 'tmp_3' <Predicate = (!icmp_ln79)> <Delay = 0.00>
ST_4 : Operation 40 [1/1] (1.54ns)   --->   "%sub_ln99 = sub i16 0, i16 %tmp_V_9" [source/imgproc/xf_magnitude.hpp:99]   --->   Operation 40 'sub' 'sub_ln99' <Predicate = (!icmp_ln79)> <Delay = 1.54> <CoreInst = "Adder">   --->   Core 1 'Adder' <Latency = 0> <II = 1> <Delay = 1.41> <FuncUnit> <Opcode : 'add' 'sub'> <InPorts = 2> <OutPorts = 1>
ST_4 : Operation 41 [1/1] (0.62ns)   --->   "%q_1 = select i1 %tmp_3, i16 %sub_ln99, i16 %tmp_V_9" [source/imgproc/xf_magnitude.hpp:99]   --->   Operation 41 'select' 'q_1' <Predicate = (!icmp_ln79)> <Delay = 0.62> <CoreInst = "Sel">   --->   Core 73 'Sel' <Latency = 0> <II = 1> <Delay = 0.81> <FuncUnit> <Opcode : 'select'> <InPorts = 3> <OutPorts = 1>

State 5 <SV = 4> <Delay = 1.82>
ST_5 : Operation 42 [1/1] (0.00ns)   --->   "%sext_ln106 = sext i16 %q_1" [source/imgproc/xf_magnitude.hpp:106]   --->   Operation 42 'sext' 'sext_ln106' <Predicate = (!icmp_ln79)> <Delay = 0.00>
ST_5 : Operation 43 [4/4] (1.82ns) (root node of the DSP)   --->   "%tempgy = mul i32 %sext_ln106, i32 %sext_ln106" [source/imgproc/xf_magnitude.hpp:106]   --->   Operation 43 'mul' 'tempgy' <Predicate = (!icmp_ln79)> <Delay = 1.82> <CoreInst = "DSP48">   --->   Core 119 'DSP48' <Latency = 3> <II = 1> <Delay = 1.82> <IPBlock> <Opcode : 'mul' 'add' 'sub' 'select'> <InPorts = 0> <OutPorts = 1> <Sync> <CReg>

State 6 <SV = 5> <Delay = 1.82>
ST_6 : Operation 44 [1/1] (0.00ns)   --->   "%sext_ln105 = sext i16 %p_1" [source/imgproc/xf_magnitude.hpp:105]   --->   Operation 44 'sext' 'sext_ln105' <Predicate = (!icmp_ln79)> <Delay = 0.00>
ST_6 : Operation 45 [3/3] (0.98ns) (grouped into DSP with root node result_temp)   --->   "%tempgx = mul i32 %sext_ln105, i32 %sext_ln105" [source/imgproc/xf_magnitude.hpp:105]   --->   Operation 45 'mul' 'tempgx' <Predicate = (!icmp_ln79)> <Delay = 0.98> <CoreInst = "DSP48">   --->   Core 119 'DSP48' <Latency = 3> <II = 1> <Delay = 1.82> <IPBlock> <Opcode : 'mul' 'add' 'sub' 'select'> <InPorts = 0> <OutPorts = 1> <Sync> <CReg>
ST_6 : Operation 46 [3/4] (1.82ns) (root node of the DSP)   --->   "%tempgy = mul i32 %sext_ln106, i32 %sext_ln106" [source/imgproc/xf_magnitude.hpp:106]   --->   Operation 46 'mul' 'tempgy' <Predicate = (!icmp_ln79)> <Delay = 1.82> <CoreInst = "DSP48">   --->   Core 119 'DSP48' <Latency = 3> <II = 1> <Delay = 1.82> <IPBlock> <Opcode : 'mul' 'add' 'sub' 'select'> <InPorts = 0> <OutPorts = 1> <Sync> <CReg>

State 7 <SV = 6> <Delay = 1.82>
ST_7 : Operation 47 [2/3] (0.98ns) (grouped into DSP with root node result_temp)   --->   "%tempgx = mul i32 %sext_ln105, i32 %sext_ln105" [source/imgproc/xf_magnitude.hpp:105]   --->   Operation 47 'mul' 'tempgx' <Predicate = (!icmp_ln79)> <Delay = 0.98> <CoreInst = "DSP48">   --->   Core 119 'DSP48' <Latency = 3> <II = 1> <Delay = 1.82> <IPBlock> <Opcode : 'mul' 'add' 'sub' 'select'> <InPorts = 0> <OutPorts = 1> <Sync> <CReg>
ST_7 : Operation 48 [2/4] (1.82ns) (root node of the DSP)   --->   "%tempgy = mul i32 %sext_ln106, i32 %sext_ln106" [source/imgproc/xf_magnitude.hpp:106]   --->   Operation 48 'mul' 'tempgy' <Predicate = (!icmp_ln79)> <Delay = 1.82> <CoreInst = "DSP48">   --->   Core 119 'DSP48' <Latency = 3> <II = 1> <Delay = 1.82> <IPBlock> <Opcode : 'mul' 'add' 'sub' 'select'> <InPorts = 0> <OutPorts = 1> <Sync> <CReg>

State 8 <SV = 7> <Delay = 1.76>
ST_8 : Operation 49 [1/3] (0.00ns) (grouped into DSP with root node result_temp)   --->   "%tempgx = mul i32 %sext_ln105, i32 %sext_ln105" [source/imgproc/xf_magnitude.hpp:105]   --->   Operation 49 'mul' 'tempgx' <Predicate = (!icmp_ln79)> <Delay = 0.00> <CoreInst = "DSP48">   --->   Core 119 'DSP48' <Latency = 3> <II = 1> <Delay = 1.82> <IPBlock> <Opcode : 'mul' 'add' 'sub' 'select'> <InPorts = 0> <OutPorts = 1> <Sync> <CReg>
ST_8 : Operation 50 [1/4] (0.00ns) (root node of the DSP)   --->   "%tempgy = mul i32 %sext_ln106, i32 %sext_ln106" [source/imgproc/xf_magnitude.hpp:106]   --->   Operation 50 'mul' 'tempgy' <Predicate = (!icmp_ln79)> <Delay = 0.00> <CoreInst = "DSP48">   --->   Core 119 'DSP48' <Latency = 3> <II = 1> <Delay = 1.82> <IPBlock> <Opcode : 'mul' 'add' 'sub' 'select'> <InPorts = 0> <OutPorts = 1> <Sync> <CReg>
ST_8 : Operation 51 [2/2] (1.76ns) (root node of the DSP)   --->   "%result_temp = add i32 %tempgy, i32 %tempgx" [source/imgproc/xf_magnitude.hpp:107]   --->   Operation 51 'add' 'result_temp' <Predicate = (!icmp_ln79)> <Delay = 1.76> <CoreInst = "DSP48">   --->   Core 119 'DSP48' <Latency = 3> <II = 1> <Delay = 1.82> <IPBlock> <Opcode : 'mul' 'add' 'sub' 'select'> <InPorts = 0> <OutPorts = 1> <Sync> <CReg>

State 9 <SV = 8> <Delay = 6.85>
ST_9 : Operation 52 [1/2] (1.76ns) (root node of the DSP)   --->   "%result_temp = add i32 %tempgy, i32 %tempgx" [source/imgproc/xf_magnitude.hpp:107]   --->   Operation 52 'add' 'result_temp' <Predicate = (!icmp_ln79)> <Delay = 1.76> <CoreInst = "DSP48">   --->   Core 119 'DSP48' <Latency = 3> <II = 1> <Delay = 1.82> <IPBlock> <Opcode : 'mul' 'add' 'sub' 'select'> <InPorts = 0> <OutPorts = 1> <Sync> <CReg>
ST_9 : Operation 53 [1/1] (0.00ns)   --->   "%trunc_ln67 = trunc i32 %result_temp" [source/imgproc/xf_magnitude.hpp:67]   --->   Operation 53 'trunc' 'trunc_ln67' <Predicate = (!icmp_ln79)> <Delay = 0.00>
ST_9 : Operation 54 [1/1] (0.00ns)   --->   "%tmp_4 = partselect i2 @_ssdm_op_PartSelect.i2.i32.i32.i32, i32 %result_temp, i32 30, i32 31" [source/imgproc/core/xf_math.h:3471]   --->   Operation 54 'partselect' 'tmp_4' <Predicate = (!icmp_ln79)> <Delay = 0.00>
ST_9 : Operation 55 [1/1] (0.50ns)   --->   "%icmp_ln3471 = icmp_ne  i2 %tmp_4, i2 0" [source/imgproc/core/xf_math.h:3471]   --->   Operation 55 'icmp' 'icmp_ln3471' <Predicate = (!icmp_ln79)> <Delay = 0.50> <CoreInst = "Cmp">   --->   Core 9 'Cmp' <Latency = 0> <II = 1> <Delay = 1.94> <FuncUnit> <Opcode : 'icmp'> <InPorts = 2> <OutPorts = 1>
ST_9 : Operation 56 [1/1] (0.00ns)   --->   "%tmp_13_cast = partselect i2 @_ssdm_op_PartSelect.i2.i32.i32.i32, i32 %result_temp, i32 28, i32 29" [source/imgproc/xf_magnitude.hpp:107]   --->   Operation 56 'partselect' 'tmp_13_cast' <Predicate = (!icmp_ln79)> <Delay = 0.00>
ST_9 : Operation 57 [1/1] (0.00ns)   --->   "%tmp_2 = partselect i2 @_ssdm_op_PartSelect.i2.i32.i32.i32, i32 %result_temp, i32 30, i32 31" [source/imgproc/xf_magnitude.hpp:107]   --->   Operation 57 'partselect' 'tmp_2' <Predicate = (!icmp_ln79)> <Delay = 0.00>
ST_9 : Operation 58 [1/1] (0.00ns)   --->   "%R_2 = bitconcatenate i4 @_ssdm_op_BitConcatenate.i4.i2.i2, i2 %tmp_2, i2 0" [source/imgproc/xf_magnitude.hpp:107]   --->   Operation 58 'bitconcatenate' 'R_2' <Predicate = (!icmp_ln79)> <Delay = 0.00>
ST_9 : Operation 59 [1/1] (0.00ns)   --->   "%R_2_0_cast = zext i4 %R_2" [source/imgproc/xf_magnitude.hpp:107]   --->   Operation 59 'zext' 'R_2_0_cast' <Predicate = (!icmp_ln79)> <Delay = 0.00>
ST_9 : Operation 60 [1/1] (0.99ns)   --->   "%tmpR_1 = add i5 %R_2_0_cast, i5 28" [source/imgproc/xf_magnitude.hpp:107]   --->   Operation 60 'add' 'tmpR_1' <Predicate = (!icmp_ln79)> <Delay = 0.99> <CoreInst = "Adder">   --->   Core 1 'Adder' <Latency = 0> <II = 1> <Delay = 1.41> <FuncUnit> <Opcode : 'add' 'sub'> <InPorts = 2> <OutPorts = 1>
ST_9 : Operation 61 [1/1] (0.00ns)   --->   "%tmp = partselect i3 @_ssdm_op_PartSelect.i3.i5.i32.i32, i5 %tmpR_1, i32 2, i32 4" [source/imgproc/xf_magnitude.hpp:107]   --->   Operation 61 'partselect' 'tmp' <Predicate = (!icmp_ln79)> <Delay = 0.00>
ST_9 : Operation 62 [1/1] (0.00ns)   --->   "%R_1_1 = bitconcatenate i5 @_ssdm_op_BitConcatenate.i5.i3.i2, i3 %tmp, i2 %tmp_13_cast" [source/imgproc/xf_magnitude.hpp:107]   --->   Operation 62 'bitconcatenate' 'R_1_1' <Predicate = (!icmp_ln79)> <Delay = 0.00>
ST_9 : Operation 63 [1/1] (0.00ns)   --->   "%R_1_1_cast = sext i5 %R_1_1" [source/imgproc/xf_magnitude.hpp:107]   --->   Operation 63 'sext' 'R_1_1_cast' <Predicate = (!icmp_ln79)> <Delay = 0.00>
ST_9 : Operation 64 [1/1] (0.00ns)   --->   "%tmpQ_s = bitconcatenate i3 @_ssdm_op_BitConcatenate.i3.i1.i2, i1 %icmp_ln3471, i2 0" [source/imgproc/core/xf_math.h:3471]   --->   Operation 64 'bitconcatenate' 'tmpQ_s' <Predicate = (!icmp_ln79)> <Delay = 0.00>
ST_9 : Operation 65 [1/1] (0.00ns) (grouped into LUT with out node sub_ln3459)   --->   "%or_ln3457 = or i3 %tmpQ_s, i3 1" [source/imgproc/core/xf_math.h:3457]   --->   Operation 65 'or' 'or_ln3457' <Predicate = (!icmp_ln79)> <Delay = 0.00>
ST_9 : Operation 66 [1/1] (0.00ns) (grouped into LUT with out node sub_ln3459)   --->   "%zext_ln3459 = zext i3 %or_ln3457" [source/imgproc/core/xf_math.h:3459]   --->   Operation 66 'zext' 'zext_ln3459' <Predicate = (!icmp_ln79)> <Delay = 0.00>
ST_9 : Operation 67 [1/1] (1.02ns) (out node of the LUT)   --->   "%sub_ln3459 = sub i6 %R_1_1_cast, i6 %zext_ln3459" [source/imgproc/core/xf_math.h:3459]   --->   Operation 67 'sub' 'sub_ln3459' <Predicate = (!icmp_ln79)> <Delay = 1.02> <CoreInst = "Adder">   --->   Core 1 'Adder' <Latency = 0> <II = 1> <Delay = 1.41> <FuncUnit> <Opcode : 'add' 'sub'> <InPorts = 2> <OutPorts = 1>
ST_9 : Operation 68 [1/1] (0.00ns) (grouped into LUT with out node add_ln3469)   --->   "%or_ln3467 = or i3 %tmpQ_s, i3 3" [source/imgproc/core/xf_math.h:3467]   --->   Operation 68 'or' 'or_ln3467' <Predicate = (!icmp_ln79)> <Delay = 0.00>
ST_9 : Operation 69 [1/1] (0.00ns) (grouped into LUT with out node add_ln3469)   --->   "%zext_ln3469 = zext i3 %or_ln3467" [source/imgproc/core/xf_math.h:3469]   --->   Operation 69 'zext' 'zext_ln3469' <Predicate = (!icmp_ln79)> <Delay = 0.00>
ST_9 : Operation 70 [1/1] (1.02ns) (out node of the LUT)   --->   "%add_ln3469 = add i6 %R_1_1_cast, i6 %zext_ln3469" [source/imgproc/core/xf_math.h:3469]   --->   Operation 70 'add' 'add_ln3469' <Predicate = (!icmp_ln79)> <Delay = 1.02> <CoreInst = "Adder">   --->   Core 1 'Adder' <Latency = 0> <II = 1> <Delay = 1.41> <FuncUnit> <Opcode : 'add' 'sub'> <InPorts = 2> <OutPorts = 1>
ST_9 : Operation 71 [1/1] (0.97ns)   --->   "%select_ln3450 = select i1 %icmp_ln3471, i6 %sub_ln3459, i6 %add_ln3469" [source/imgproc/core/xf_math.h:3450]   --->   Operation 71 'select' 'select_ln3450' <Predicate = (!icmp_ln79)> <Delay = 0.97> <CoreInst = "Sel">   --->   Core 73 'Sel' <Latency = 0> <II = 1> <Delay = 0.81> <FuncUnit> <Opcode : 'select'> <InPorts = 3> <OutPorts = 1>
ST_9 : Operation 72 [1/1] (0.00ns)   --->   "%tmp_5 = bitselect i1 @_ssdm_op_BitSelect.i1.i6.i32, i6 %select_ln3450, i32 5" [source/imgproc/core/xf_math.h:3471]   --->   Operation 72 'bitselect' 'tmp_5' <Predicate = (!icmp_ln79)> <Delay = 0.00>
ST_9 : Operation 73 [1/1] (0.80ns)   --->   "%xor_ln3471 = xor i1 %tmp_5, i1 1" [source/imgproc/core/xf_math.h:3471]   --->   Operation 73 'xor' 'xor_ln3471' <Predicate = (!icmp_ln79)> <Delay = 0.80> <CoreInst = "LogicGate">   --->   Core 74 'LogicGate' <Latency = 0> <II = 1> <Delay = 0.80> <FuncUnit> <Opcode : 'and' 'or' 'xor'> <InPorts = 2> <OutPorts = 1>
ST_9 : Operation 74 [1/1] (0.00ns)   --->   "%tmp_2_cast = partselect i2 @_ssdm_op_PartSelect.i2.i32.i32.i32, i32 %result_temp, i32 26, i32 27" [source/imgproc/xf_magnitude.hpp:107]   --->   Operation 74 'partselect' 'tmp_2_cast' <Predicate = (!icmp_ln79)> <Delay = 0.00>
ST_9 : Operation 75 [1/1] (0.00ns)   --->   "%R_1_2 = bitconcatenate i8 @_ssdm_op_BitConcatenate.i8.i6.i2, i6 %select_ln3450, i2 %tmp_2_cast" [source/imgproc/core/xf_math.h:3450]   --->   Operation 75 'bitconcatenate' 'R_1_2' <Predicate = (!icmp_ln79)> <Delay = 0.00>
ST_9 : Operation 76 [1/1] (0.00ns)   --->   "%R_1_2_cast = sext i8 %R_1_2" [source/imgproc/core/xf_math.h:3450]   --->   Operation 76 'sext' 'R_1_2_cast' <Predicate = (!icmp_ln79)> <Delay = 0.00>
ST_9 : Operation 77 [1/1] (0.00ns)   --->   "%tmpQ_1 = bitconcatenate i4 @_ssdm_op_BitConcatenate.i4.i1.i1.i2, i1 %icmp_ln3471, i1 %xor_ln3471, i2 0" [source/imgproc/core/xf_math.h:3471]   --->   Operation 77 'bitconcatenate' 'tmpQ_1' <Predicate = (!icmp_ln79)> <Delay = 0.00>
ST_9 : Operation 78 [1/1] (0.00ns) (grouped into LUT with out node sub_ln3459_1)   --->   "%or_ln3457_1 = or i4 %tmpQ_1, i4 1" [source/imgproc/core/xf_math.h:3457]   --->   Operation 78 'or' 'or_ln3457_1' <Predicate = (!icmp_ln79)> <Delay = 0.00>
ST_9 : Operation 79 [1/1] (0.00ns) (grouped into LUT with out node sub_ln3459_1)   --->   "%zext_ln3459_1 = zext i4 %or_ln3457_1" [source/imgproc/core/xf_math.h:3459]   --->   Operation 79 'zext' 'zext_ln3459_1' <Predicate = (!icmp_ln79)> <Delay = 0.00>
ST_9 : Operation 80 [1/1] (1.30ns) (out node of the LUT)   --->   "%sub_ln3459_1 = sub i9 %R_1_2_cast, i9 %zext_ln3459_1" [source/imgproc/core/xf_math.h:3459]   --->   Operation 80 'sub' 'sub_ln3459_1' <Predicate = (!icmp_ln79)> <Delay = 1.30> <CoreInst = "Adder">   --->   Core 1 'Adder' <Latency = 0> <II = 1> <Delay = 1.41> <FuncUnit> <Opcode : 'add' 'sub'> <InPorts = 2> <OutPorts = 1>
ST_9 : Operation 81 [1/1] (0.00ns) (grouped into LUT with out node add_ln3469_1)   --->   "%or_ln3467_1 = or i4 %tmpQ_1, i4 3" [source/imgproc/core/xf_math.h:3467]   --->   Operation 81 'or' 'or_ln3467_1' <Predicate = (!icmp_ln79)> <Delay = 0.00>
ST_9 : Operation 82 [1/1] (0.00ns) (grouped into LUT with out node add_ln3469_1)   --->   "%zext_ln3469_1 = zext i4 %or_ln3467_1" [source/imgproc/core/xf_math.h:3469]   --->   Operation 82 'zext' 'zext_ln3469_1' <Predicate = (!icmp_ln79)> <Delay = 0.00>
ST_9 : Operation 83 [1/1] (1.30ns) (out node of the LUT)   --->   "%add_ln3469_1 = add i9 %R_1_2_cast, i9 %zext_ln3469_1" [source/imgproc/core/xf_math.h:3469]   --->   Operation 83 'add' 'add_ln3469_1' <Predicate = (!icmp_ln79)> <Delay = 1.30> <CoreInst = "Adder">   --->   Core 1 'Adder' <Latency = 0> <II = 1> <Delay = 1.41> <FuncUnit> <Opcode : 'add' 'sub'> <InPorts = 2> <OutPorts = 1>
ST_9 : Operation 84 [1/1] (0.00ns)   --->   "%tmp_3_cast = partselect i2 @_ssdm_op_PartSelect.i2.i32.i32.i32, i32 %result_temp, i32 24, i32 25" [source/imgproc/xf_magnitude.hpp:107]   --->   Operation 84 'partselect' 'tmp_3_cast' <Predicate = (!icmp_ln79)> <Delay = 0.00>
ST_9 : Operation 85 [1/1] (0.00ns)   --->   "%tmp_4_cast = partselect i2 @_ssdm_op_PartSelect.i2.i32.i32.i32, i32 %result_temp, i32 22, i32 23" [source/imgproc/xf_magnitude.hpp:107]   --->   Operation 85 'partselect' 'tmp_4_cast' <Predicate = (!icmp_ln79)> <Delay = 0.00>
ST_9 : Operation 86 [1/1] (0.00ns)   --->   "%tmp_5_cast = partselect i2 @_ssdm_op_PartSelect.i2.i32.i32.i32, i32 %result_temp, i32 20, i32 21" [source/imgproc/xf_magnitude.hpp:107]   --->   Operation 86 'partselect' 'tmp_5_cast' <Predicate = (!icmp_ln79)> <Delay = 0.00>
ST_9 : Operation 87 [1/1] (0.00ns)   --->   "%tmp_6_cast = partselect i2 @_ssdm_op_PartSelect.i2.i32.i32.i32, i32 %result_temp, i32 18, i32 19" [source/imgproc/xf_magnitude.hpp:107]   --->   Operation 87 'partselect' 'tmp_6_cast' <Predicate = (!icmp_ln79)> <Delay = 0.00>
ST_9 : Operation 88 [1/1] (0.00ns)   --->   "%tmp_7_cast = partselect i2 @_ssdm_op_PartSelect.i2.i32.i32.i32, i32 %result_temp, i32 16, i32 17" [source/imgproc/xf_magnitude.hpp:107]   --->   Operation 88 'partselect' 'tmp_7_cast' <Predicate = (!icmp_ln79)> <Delay = 0.00>
ST_9 : Operation 89 [1/1] (0.00ns)   --->   "%tmp_8_cast = partselect i2 @_ssdm_op_PartSelect.i2.i32.i32.i32, i32 %result_temp, i32 14, i32 15" [source/imgproc/xf_magnitude.hpp:107]   --->   Operation 89 'partselect' 'tmp_8_cast' <Predicate = (!icmp_ln79)> <Delay = 0.00>
ST_9 : Operation 90 [1/1] (0.00ns)   --->   "%tmp_9_cast = partselect i2 @_ssdm_op_PartSelect.i2.i32.i32.i32, i32 %result_temp, i32 12, i32 13" [source/imgproc/xf_magnitude.hpp:107]   --->   Operation 90 'partselect' 'tmp_9_cast' <Predicate = (!icmp_ln79)> <Delay = 0.00>
ST_9 : Operation 91 [1/1] (0.00ns)   --->   "%tmp_10_cast = partselect i2 @_ssdm_op_PartSelect.i2.i32.i32.i32, i32 %result_temp, i32 10, i32 11" [source/imgproc/xf_magnitude.hpp:107]   --->   Operation 91 'partselect' 'tmp_10_cast' <Predicate = (!icmp_ln79)> <Delay = 0.00>
ST_9 : Operation 92 [1/1] (0.00ns)   --->   "%tmp_11_cast = partselect i2 @_ssdm_op_PartSelect.i2.i32.i32.i32, i32 %result_temp, i32 8, i32 9" [source/imgproc/xf_magnitude.hpp:107]   --->   Operation 92 'partselect' 'tmp_11_cast' <Predicate = (!icmp_ln79)> <Delay = 0.00>
ST_9 : Operation 93 [1/1] (0.00ns)   --->   "%tmp_12_cast = partselect i2 @_ssdm_op_PartSelect.i2.i32.i32.i32, i32 %result_temp, i32 6, i32 7" [source/imgproc/xf_magnitude.hpp:107]   --->   Operation 93 'partselect' 'tmp_12_cast' <Predicate = (!icmp_ln79)> <Delay = 0.00>
ST_9 : Operation 94 [1/1] (0.00ns)   --->   "%tmp_1313_cast = partselect i2 @_ssdm_op_PartSelect.i2.i32.i32.i32, i32 %result_temp, i32 4, i32 5" [source/imgproc/xf_magnitude.hpp:107]   --->   Operation 94 'partselect' 'tmp_1313_cast' <Predicate = (!icmp_ln79)> <Delay = 0.00>
ST_9 : Operation 95 [1/1] (0.00ns)   --->   "%tmp_14_cast = partselect i2 @_ssdm_op_PartSelect.i2.i32.i32.i32, i32 %result_temp, i32 2, i32 3" [source/imgproc/xf_magnitude.hpp:107]   --->   Operation 95 'partselect' 'tmp_14_cast' <Predicate = (!icmp_ln79)> <Delay = 0.00>

State 10 <SV = 9> <Delay = 6.52>
ST_10 : Operation 96 [1/1] (0.72ns)   --->   "%select_ln3450_1 = select i1 %tmp_5, i9 %add_ln3469_1, i9 %sub_ln3459_1" [source/imgproc/core/xf_math.h:3450]   --->   Operation 96 'select' 'select_ln3450_1' <Predicate = (!icmp_ln79)> <Delay = 0.72> <CoreInst = "Sel">   --->   Core 73 'Sel' <Latency = 0> <II = 1> <Delay = 0.81> <FuncUnit> <Opcode : 'select'> <InPorts = 3> <OutPorts = 1>
ST_10 : Operation 97 [1/1] (0.00ns)   --->   "%tmp_6 = bitselect i1 @_ssdm_op_BitSelect.i1.i9.i32, i9 %select_ln3450_1, i32 8" [source/imgproc/core/xf_math.h:3471]   --->   Operation 97 'bitselect' 'tmp_6' <Predicate = (!icmp_ln79)> <Delay = 0.00>
ST_10 : Operation 98 [1/1] (0.80ns)   --->   "%xor_ln3471_1 = xor i1 %tmp_6, i1 1" [source/imgproc/core/xf_math.h:3471]   --->   Operation 98 'xor' 'xor_ln3471_1' <Predicate = (!icmp_ln79)> <Delay = 0.80> <CoreInst = "LogicGate">   --->   Core 74 'LogicGate' <Latency = 0> <II = 1> <Delay = 0.80> <FuncUnit> <Opcode : 'and' 'or' 'xor'> <InPorts = 2> <OutPorts = 1>
ST_10 : Operation 99 [1/1] (0.00ns)   --->   "%R_1_3 = bitconcatenate i11 @_ssdm_op_BitConcatenate.i11.i9.i2, i9 %select_ln3450_1, i2 %tmp_3_cast" [source/imgproc/core/xf_math.h:3450]   --->   Operation 99 'bitconcatenate' 'R_1_3' <Predicate = (!icmp_ln79)> <Delay = 0.00>
ST_10 : Operation 100 [1/1] (0.00ns)   --->   "%R_1_3_cast = sext i11 %R_1_3" [source/imgproc/core/xf_math.h:3450]   --->   Operation 100 'sext' 'R_1_3_cast' <Predicate = (!icmp_ln79)> <Delay = 0.00>
ST_10 : Operation 101 [1/1] (0.00ns)   --->   "%tmpQ_3 = bitconcatenate i5 @_ssdm_op_BitConcatenate.i5.i1.i1.i1.i2, i1 %icmp_ln3471, i1 %xor_ln3471, i1 %xor_ln3471_1, i2 0" [source/imgproc/core/xf_math.h:3471]   --->   Operation 101 'bitconcatenate' 'tmpQ_3' <Predicate = (!icmp_ln79)> <Delay = 0.00>
ST_10 : Operation 102 [1/1] (0.00ns) (grouped into LUT with out node sub_ln3459_2)   --->   "%or_ln3457_2 = or i5 %tmpQ_3, i5 1" [source/imgproc/core/xf_math.h:3457]   --->   Operation 102 'or' 'or_ln3457_2' <Predicate = (!icmp_ln79)> <Delay = 0.00>
ST_10 : Operation 103 [1/1] (0.00ns) (grouped into LUT with out node sub_ln3459_2)   --->   "%zext_ln3459_2 = zext i5 %or_ln3457_2" [source/imgproc/core/xf_math.h:3459]   --->   Operation 103 'zext' 'zext_ln3459_2' <Predicate = (!icmp_ln79)> <Delay = 0.00>
ST_10 : Operation 104 [1/1] (1.48ns) (out node of the LUT)   --->   "%sub_ln3459_2 = sub i12 %R_1_3_cast, i12 %zext_ln3459_2" [source/imgproc/core/xf_math.h:3459]   --->   Operation 104 'sub' 'sub_ln3459_2' <Predicate = (!icmp_ln79)> <Delay = 1.48> <CoreInst = "Adder">   --->   Core 1 'Adder' <Latency = 0> <II = 1> <Delay = 1.41> <FuncUnit> <Opcode : 'add' 'sub'> <InPorts = 2> <OutPorts = 1>
ST_10 : Operation 105 [1/1] (0.00ns) (grouped into LUT with out node add_ln3469_2)   --->   "%or_ln3467_2 = or i5 %tmpQ_3, i5 3" [source/imgproc/core/xf_math.h:3467]   --->   Operation 105 'or' 'or_ln3467_2' <Predicate = (!icmp_ln79)> <Delay = 0.00>
ST_10 : Operation 106 [1/1] (0.00ns) (grouped into LUT with out node add_ln3469_2)   --->   "%zext_ln3469_2 = zext i5 %or_ln3467_2" [source/imgproc/core/xf_math.h:3469]   --->   Operation 106 'zext' 'zext_ln3469_2' <Predicate = (!icmp_ln79)> <Delay = 0.00>
ST_10 : Operation 107 [1/1] (1.48ns) (out node of the LUT)   --->   "%add_ln3469_2 = add i12 %R_1_3_cast, i12 %zext_ln3469_2" [source/imgproc/core/xf_math.h:3469]   --->   Operation 107 'add' 'add_ln3469_2' <Predicate = (!icmp_ln79)> <Delay = 1.48> <CoreInst = "Adder">   --->   Core 1 'Adder' <Latency = 0> <II = 1> <Delay = 1.41> <FuncUnit> <Opcode : 'add' 'sub'> <InPorts = 2> <OutPorts = 1>
ST_10 : Operation 108 [1/1] (0.59ns)   --->   "%select_ln3450_2 = select i1 %tmp_6, i12 %add_ln3469_2, i12 %sub_ln3459_2" [source/imgproc/core/xf_math.h:3450]   --->   Operation 108 'select' 'select_ln3450_2' <Predicate = (!icmp_ln79)> <Delay = 0.59> <CoreInst = "Sel">   --->   Core 73 'Sel' <Latency = 0> <II = 1> <Delay = 0.81> <FuncUnit> <Opcode : 'select'> <InPorts = 3> <OutPorts = 1>
ST_10 : Operation 109 [1/1] (0.00ns)   --->   "%tmp_7 = bitselect i1 @_ssdm_op_BitSelect.i1.i12.i32, i12 %select_ln3450_2, i32 11" [source/imgproc/core/xf_math.h:3471]   --->   Operation 109 'bitselect' 'tmp_7' <Predicate = (!icmp_ln79)> <Delay = 0.00>
ST_10 : Operation 110 [1/1] (0.80ns)   --->   "%xor_ln3471_2 = xor i1 %tmp_7, i1 1" [source/imgproc/core/xf_math.h:3471]   --->   Operation 110 'xor' 'xor_ln3471_2' <Predicate = (!icmp_ln79)> <Delay = 0.80> <CoreInst = "LogicGate">   --->   Core 74 'LogicGate' <Latency = 0> <II = 1> <Delay = 0.80> <FuncUnit> <Opcode : 'and' 'or' 'xor'> <InPorts = 2> <OutPorts = 1>
ST_10 : Operation 111 [1/1] (0.00ns)   --->   "%R_1_4 = bitconcatenate i14 @_ssdm_op_BitConcatenate.i14.i12.i2, i12 %select_ln3450_2, i2 %tmp_4_cast" [source/imgproc/core/xf_math.h:3450]   --->   Operation 111 'bitconcatenate' 'R_1_4' <Predicate = (!icmp_ln79)> <Delay = 0.00>
ST_10 : Operation 112 [1/1] (0.00ns)   --->   "%R_1_4_cast = sext i14 %R_1_4" [source/imgproc/core/xf_math.h:3450]   --->   Operation 112 'sext' 'R_1_4_cast' <Predicate = (!icmp_ln79)> <Delay = 0.00>
ST_10 : Operation 113 [1/1] (0.00ns)   --->   "%tmpQ_4 = bitconcatenate i6 @_ssdm_op_BitConcatenate.i6.i1.i1.i1.i1.i2, i1 %icmp_ln3471, i1 %xor_ln3471, i1 %xor_ln3471_1, i1 %xor_ln3471_2, i2 0" [source/imgproc/core/xf_math.h:3471]   --->   Operation 113 'bitconcatenate' 'tmpQ_4' <Predicate = (!icmp_ln79)> <Delay = 0.00>
ST_10 : Operation 114 [1/1] (0.00ns) (grouped into LUT with out node sub_ln3459_3)   --->   "%or_ln3457_3 = or i6 %tmpQ_4, i6 1" [source/imgproc/core/xf_math.h:3457]   --->   Operation 114 'or' 'or_ln3457_3' <Predicate = (!icmp_ln79)> <Delay = 0.00>
ST_10 : Operation 115 [1/1] (0.00ns) (grouped into LUT with out node sub_ln3459_3)   --->   "%zext_ln3459_3 = zext i6 %or_ln3457_3" [source/imgproc/core/xf_math.h:3459]   --->   Operation 115 'zext' 'zext_ln3459_3' <Predicate = (!icmp_ln79)> <Delay = 0.00>
ST_10 : Operation 116 [1/1] (1.52ns) (out node of the LUT)   --->   "%sub_ln3459_3 = sub i15 %R_1_4_cast, i15 %zext_ln3459_3" [source/imgproc/core/xf_math.h:3459]   --->   Operation 116 'sub' 'sub_ln3459_3' <Predicate = (!icmp_ln79)> <Delay = 1.52> <CoreInst = "Adder">   --->   Core 1 'Adder' <Latency = 0> <II = 1> <Delay = 1.41> <FuncUnit> <Opcode : 'add' 'sub'> <InPorts = 2> <OutPorts = 1>
ST_10 : Operation 117 [1/1] (0.00ns) (grouped into LUT with out node add_ln3469_3)   --->   "%or_ln3467_3 = or i6 %tmpQ_4, i6 3" [source/imgproc/core/xf_math.h:3467]   --->   Operation 117 'or' 'or_ln3467_3' <Predicate = (!icmp_ln79)> <Delay = 0.00>
ST_10 : Operation 118 [1/1] (0.00ns) (grouped into LUT with out node add_ln3469_3)   --->   "%zext_ln3469_3 = zext i6 %or_ln3467_3" [source/imgproc/core/xf_math.h:3469]   --->   Operation 118 'zext' 'zext_ln3469_3' <Predicate = (!icmp_ln79)> <Delay = 0.00>
ST_10 : Operation 119 [1/1] (1.52ns) (out node of the LUT)   --->   "%add_ln3469_3 = add i15 %R_1_4_cast, i15 %zext_ln3469_3" [source/imgproc/core/xf_math.h:3469]   --->   Operation 119 'add' 'add_ln3469_3' <Predicate = (!icmp_ln79)> <Delay = 1.52> <CoreInst = "Adder">   --->   Core 1 'Adder' <Latency = 0> <II = 1> <Delay = 1.41> <FuncUnit> <Opcode : 'add' 'sub'> <InPorts = 2> <OutPorts = 1>
ST_10 : Operation 120 [1/1] (0.60ns)   --->   "%select_ln3450_3 = select i1 %tmp_7, i15 %add_ln3469_3, i15 %sub_ln3459_3" [source/imgproc/core/xf_math.h:3450]   --->   Operation 120 'select' 'select_ln3450_3' <Predicate = (!icmp_ln79)> <Delay = 0.60> <CoreInst = "Sel">   --->   Core 73 'Sel' <Latency = 0> <II = 1> <Delay = 0.81> <FuncUnit> <Opcode : 'select'> <InPorts = 3> <OutPorts = 1>
ST_10 : Operation 121 [1/1] (0.00ns)   --->   "%tmp_8 = bitselect i1 @_ssdm_op_BitSelect.i1.i15.i32, i15 %select_ln3450_3, i32 14" [source/imgproc/core/xf_math.h:3471]   --->   Operation 121 'bitselect' 'tmp_8' <Predicate = (!icmp_ln79)> <Delay = 0.00>

State 11 <SV = 10> <Delay = 6.09>
ST_11 : Operation 122 [1/1] (0.80ns)   --->   "%xor_ln3471_3 = xor i1 %tmp_8, i1 1" [source/imgproc/core/xf_math.h:3471]   --->   Operation 122 'xor' 'xor_ln3471_3' <Predicate = (!icmp_ln79)> <Delay = 0.80> <CoreInst = "LogicGate">   --->   Core 74 'LogicGate' <Latency = 0> <II = 1> <Delay = 0.80> <FuncUnit> <Opcode : 'and' 'or' 'xor'> <InPorts = 2> <OutPorts = 1>
ST_11 : Operation 123 [1/1] (0.00ns)   --->   "%R_1_5 = bitconcatenate i17 @_ssdm_op_BitConcatenate.i17.i15.i2, i15 %select_ln3450_3, i2 %tmp_5_cast" [source/imgproc/core/xf_math.h:3450]   --->   Operation 123 'bitconcatenate' 'R_1_5' <Predicate = (!icmp_ln79)> <Delay = 0.00>
ST_11 : Operation 124 [1/1] (0.00ns)   --->   "%R_1_5_cast = sext i17 %R_1_5" [source/imgproc/core/xf_math.h:3450]   --->   Operation 124 'sext' 'R_1_5_cast' <Predicate = (!icmp_ln79)> <Delay = 0.00>
ST_11 : Operation 125 [1/1] (0.00ns)   --->   "%tmpQ_5 = bitconcatenate i7 @_ssdm_op_BitConcatenate.i7.i1.i1.i1.i1.i1.i2, i1 %icmp_ln3471, i1 %xor_ln3471, i1 %xor_ln3471_1, i1 %xor_ln3471_2, i1 %xor_ln3471_3, i2 0" [source/imgproc/core/xf_math.h:3471]   --->   Operation 125 'bitconcatenate' 'tmpQ_5' <Predicate = (!icmp_ln79)> <Delay = 0.00>
ST_11 : Operation 126 [1/1] (0.00ns) (grouped into LUT with out node sub_ln3459_4)   --->   "%or_ln3457_4 = or i7 %tmpQ_5, i7 1" [source/imgproc/core/xf_math.h:3457]   --->   Operation 126 'or' 'or_ln3457_4' <Predicate = (!icmp_ln79 & !tmp_8)> <Delay = 0.00>
ST_11 : Operation 127 [1/1] (0.00ns) (grouped into LUT with out node sub_ln3459_4)   --->   "%zext_ln3459_4 = zext i7 %or_ln3457_4" [source/imgproc/core/xf_math.h:3459]   --->   Operation 127 'zext' 'zext_ln3459_4' <Predicate = (!icmp_ln79 & !tmp_8)> <Delay = 0.00>
ST_11 : Operation 128 [1/1] (1.55ns) (out node of the LUT)   --->   "%sub_ln3459_4 = sub i18 %R_1_5_cast, i18 %zext_ln3459_4" [source/imgproc/core/xf_math.h:3459]   --->   Operation 128 'sub' 'sub_ln3459_4' <Predicate = (!icmp_ln79 & !tmp_8)> <Delay = 1.55> <CoreInst = "Adder">   --->   Core 1 'Adder' <Latency = 0> <II = 1> <Delay = 1.41> <FuncUnit> <Opcode : 'add' 'sub'> <InPorts = 2> <OutPorts = 1>
ST_11 : Operation 129 [1/1] (0.00ns) (grouped into LUT with out node add_ln3469_4)   --->   "%or_ln3467_4 = or i7 %tmpQ_5, i7 3" [source/imgproc/core/xf_math.h:3467]   --->   Operation 129 'or' 'or_ln3467_4' <Predicate = (!icmp_ln79 & tmp_8)> <Delay = 0.00>
ST_11 : Operation 130 [1/1] (0.00ns) (grouped into LUT with out node add_ln3469_4)   --->   "%zext_ln3469_4 = zext i7 %or_ln3467_4" [source/imgproc/core/xf_math.h:3469]   --->   Operation 130 'zext' 'zext_ln3469_4' <Predicate = (!icmp_ln79 & tmp_8)> <Delay = 0.00>
ST_11 : Operation 131 [1/1] (1.55ns) (out node of the LUT)   --->   "%add_ln3469_4 = add i18 %R_1_5_cast, i18 %zext_ln3469_4" [source/imgproc/core/xf_math.h:3469]   --->   Operation 131 'add' 'add_ln3469_4' <Predicate = (!icmp_ln79 & tmp_8)> <Delay = 1.55> <CoreInst = "Adder">   --->   Core 1 'Adder' <Latency = 0> <II = 1> <Delay = 1.41> <FuncUnit> <Opcode : 'add' 'sub'> <InPorts = 2> <OutPorts = 1>
ST_11 : Operation 132 [1/1] (0.61ns)   --->   "%select_ln3450_4 = select i1 %tmp_8, i18 %add_ln3469_4, i18 %sub_ln3459_4" [source/imgproc/core/xf_math.h:3450]   --->   Operation 132 'select' 'select_ln3450_4' <Predicate = (!icmp_ln79)> <Delay = 0.61> <CoreInst = "Sel">   --->   Core 73 'Sel' <Latency = 0> <II = 1> <Delay = 0.81> <FuncUnit> <Opcode : 'select'> <InPorts = 3> <OutPorts = 1>
ST_11 : Operation 133 [1/1] (0.00ns)   --->   "%tmp_9 = bitselect i1 @_ssdm_op_BitSelect.i1.i18.i32, i18 %select_ln3450_4, i32 17" [source/imgproc/core/xf_math.h:3471]   --->   Operation 133 'bitselect' 'tmp_9' <Predicate = (!icmp_ln79)> <Delay = 0.00>
ST_11 : Operation 134 [1/1] (0.80ns)   --->   "%xor_ln3471_4 = xor i1 %tmp_9, i1 1" [source/imgproc/core/xf_math.h:3471]   --->   Operation 134 'xor' 'xor_ln3471_4' <Predicate = (!icmp_ln79)> <Delay = 0.80> <CoreInst = "LogicGate">   --->   Core 74 'LogicGate' <Latency = 0> <II = 1> <Delay = 0.80> <FuncUnit> <Opcode : 'and' 'or' 'xor'> <InPorts = 2> <OutPorts = 1>
ST_11 : Operation 135 [1/1] (0.00ns)   --->   "%R_1_6 = bitconcatenate i20 @_ssdm_op_BitConcatenate.i20.i18.i2, i18 %select_ln3450_4, i2 %tmp_6_cast" [source/imgproc/core/xf_math.h:3450]   --->   Operation 135 'bitconcatenate' 'R_1_6' <Predicate = (!icmp_ln79)> <Delay = 0.00>
ST_11 : Operation 136 [1/1] (0.00ns)   --->   "%R_1_6_cast = sext i20 %R_1_6" [source/imgproc/core/xf_math.h:3450]   --->   Operation 136 'sext' 'R_1_6_cast' <Predicate = (!icmp_ln79)> <Delay = 0.00>
ST_11 : Operation 137 [1/1] (0.00ns)   --->   "%tmpQ_6 = bitconcatenate i8 @_ssdm_op_BitConcatenate.i8.i1.i1.i1.i1.i1.i1.i2, i1 %icmp_ln3471, i1 %xor_ln3471, i1 %xor_ln3471_1, i1 %xor_ln3471_2, i1 %xor_ln3471_3, i1 %xor_ln3471_4, i2 0" [source/imgproc/core/xf_math.h:3471]   --->   Operation 137 'bitconcatenate' 'tmpQ_6' <Predicate = (!icmp_ln79)> <Delay = 0.00>
ST_11 : Operation 138 [1/1] (0.00ns) (grouped into LUT with out node sub_ln3459_5)   --->   "%or_ln3457_5 = or i8 %tmpQ_6, i8 1" [source/imgproc/core/xf_math.h:3457]   --->   Operation 138 'or' 'or_ln3457_5' <Predicate = (!icmp_ln79)> <Delay = 0.00>
ST_11 : Operation 139 [1/1] (0.00ns) (grouped into LUT with out node sub_ln3459_5)   --->   "%zext_ln3459_5 = zext i8 %or_ln3457_5" [source/imgproc/core/xf_math.h:3459]   --->   Operation 139 'zext' 'zext_ln3459_5' <Predicate = (!icmp_ln79)> <Delay = 0.00>
ST_11 : Operation 140 [1/1] (1.58ns) (out node of the LUT)   --->   "%sub_ln3459_5 = sub i21 %R_1_6_cast, i21 %zext_ln3459_5" [source/imgproc/core/xf_math.h:3459]   --->   Operation 140 'sub' 'sub_ln3459_5' <Predicate = (!icmp_ln79)> <Delay = 1.58> <CoreInst = "Adder">   --->   Core 1 'Adder' <Latency = 0> <II = 1> <Delay = 1.41> <FuncUnit> <Opcode : 'add' 'sub'> <InPorts = 2> <OutPorts = 1>
ST_11 : Operation 141 [1/1] (0.00ns) (grouped into LUT with out node add_ln3469_5)   --->   "%or_ln3467_5 = or i8 %tmpQ_6, i8 3" [source/imgproc/core/xf_math.h:3467]   --->   Operation 141 'or' 'or_ln3467_5' <Predicate = (!icmp_ln79)> <Delay = 0.00>
ST_11 : Operation 142 [1/1] (0.00ns) (grouped into LUT with out node add_ln3469_5)   --->   "%zext_ln3469_5 = zext i8 %or_ln3467_5" [source/imgproc/core/xf_math.h:3469]   --->   Operation 142 'zext' 'zext_ln3469_5' <Predicate = (!icmp_ln79)> <Delay = 0.00>
ST_11 : Operation 143 [1/1] (1.58ns) (out node of the LUT)   --->   "%add_ln3469_5 = add i21 %R_1_6_cast, i21 %zext_ln3469_5" [source/imgproc/core/xf_math.h:3469]   --->   Operation 143 'add' 'add_ln3469_5' <Predicate = (!icmp_ln79)> <Delay = 1.58> <CoreInst = "Adder">   --->   Core 1 'Adder' <Latency = 0> <II = 1> <Delay = 1.41> <FuncUnit> <Opcode : 'add' 'sub'> <InPorts = 2> <OutPorts = 1>
ST_11 : Operation 144 [1/1] (0.73ns)   --->   "%select_ln3450_5 = select i1 %tmp_9, i21 %add_ln3469_5, i21 %sub_ln3459_5" [source/imgproc/core/xf_math.h:3450]   --->   Operation 144 'select' 'select_ln3450_5' <Predicate = (!icmp_ln79)> <Delay = 0.73> <CoreInst = "Sel">   --->   Core 73 'Sel' <Latency = 0> <II = 1> <Delay = 0.81> <FuncUnit> <Opcode : 'select'> <InPorts = 3> <OutPorts = 1>
ST_11 : Operation 145 [1/1] (0.00ns)   --->   "%tmp_10 = bitselect i1 @_ssdm_op_BitSelect.i1.i21.i32, i21 %select_ln3450_5, i32 20" [source/imgproc/core/xf_math.h:3471]   --->   Operation 145 'bitselect' 'tmp_10' <Predicate = (!icmp_ln79)> <Delay = 0.00>

State 12 <SV = 11> <Delay = 6.97>
ST_12 : Operation 146 [1/1] (0.80ns)   --->   "%xor_ln3471_5 = xor i1 %tmp_10, i1 1" [source/imgproc/core/xf_math.h:3471]   --->   Operation 146 'xor' 'xor_ln3471_5' <Predicate = (!icmp_ln79)> <Delay = 0.80> <CoreInst = "LogicGate">   --->   Core 74 'LogicGate' <Latency = 0> <II = 1> <Delay = 0.80> <FuncUnit> <Opcode : 'and' 'or' 'xor'> <InPorts = 2> <OutPorts = 1>
ST_12 : Operation 147 [1/1] (0.00ns)   --->   "%R_1_7 = bitconcatenate i23 @_ssdm_op_BitConcatenate.i23.i21.i2, i21 %select_ln3450_5, i2 %tmp_7_cast" [source/imgproc/core/xf_math.h:3450]   --->   Operation 147 'bitconcatenate' 'R_1_7' <Predicate = (!icmp_ln79)> <Delay = 0.00>
ST_12 : Operation 148 [1/1] (0.00ns)   --->   "%R_1_7_cast = sext i23 %R_1_7" [source/imgproc/core/xf_math.h:3450]   --->   Operation 148 'sext' 'R_1_7_cast' <Predicate = (!icmp_ln79)> <Delay = 0.00>
ST_12 : Operation 149 [1/1] (0.00ns)   --->   "%tmpQ_7 = bitconcatenate i9 @_ssdm_op_BitConcatenate.i9.i1.i1.i1.i1.i1.i1.i1.i2, i1 %icmp_ln3471, i1 %xor_ln3471, i1 %xor_ln3471_1, i1 %xor_ln3471_2, i1 %xor_ln3471_3, i1 %xor_ln3471_4, i1 %xor_ln3471_5, i2 0" [source/imgproc/core/xf_math.h:3471]   --->   Operation 149 'bitconcatenate' 'tmpQ_7' <Predicate = (!icmp_ln79)> <Delay = 0.00>
ST_12 : Operation 150 [1/1] (0.00ns) (grouped into LUT with out node sub_ln3459_6)   --->   "%or_ln3457_6 = or i9 %tmpQ_7, i9 1" [source/imgproc/core/xf_math.h:3457]   --->   Operation 150 'or' 'or_ln3457_6' <Predicate = (!icmp_ln79 & !tmp_10)> <Delay = 0.00>
ST_12 : Operation 151 [1/1] (0.00ns) (grouped into LUT with out node sub_ln3459_6)   --->   "%zext_ln3459_6 = zext i9 %or_ln3457_6" [source/imgproc/core/xf_math.h:3459]   --->   Operation 151 'zext' 'zext_ln3459_6' <Predicate = (!icmp_ln79 & !tmp_10)> <Delay = 0.00>
ST_12 : Operation 152 [1/1] (1.66ns) (out node of the LUT)   --->   "%sub_ln3459_6 = sub i24 %R_1_7_cast, i24 %zext_ln3459_6" [source/imgproc/core/xf_math.h:3459]   --->   Operation 152 'sub' 'sub_ln3459_6' <Predicate = (!icmp_ln79 & !tmp_10)> <Delay = 1.66> <CoreInst = "Adder">   --->   Core 1 'Adder' <Latency = 0> <II = 1> <Delay = 1.41> <FuncUnit> <Opcode : 'add' 'sub'> <InPorts = 2> <OutPorts = 1>
ST_12 : Operation 153 [1/1] (0.00ns) (grouped into LUT with out node add_ln3469_6)   --->   "%or_ln3467_6 = or i9 %tmpQ_7, i9 3" [source/imgproc/core/xf_math.h:3467]   --->   Operation 153 'or' 'or_ln3467_6' <Predicate = (!icmp_ln79 & tmp_10)> <Delay = 0.00>
ST_12 : Operation 154 [1/1] (0.00ns) (grouped into LUT with out node add_ln3469_6)   --->   "%zext_ln3469_6 = zext i9 %or_ln3467_6" [source/imgproc/core/xf_math.h:3469]   --->   Operation 154 'zext' 'zext_ln3469_6' <Predicate = (!icmp_ln79 & tmp_10)> <Delay = 0.00>
ST_12 : Operation 155 [1/1] (1.66ns) (out node of the LUT)   --->   "%add_ln3469_6 = add i24 %R_1_7_cast, i24 %zext_ln3469_6" [source/imgproc/core/xf_math.h:3469]   --->   Operation 155 'add' 'add_ln3469_6' <Predicate = (!icmp_ln79 & tmp_10)> <Delay = 1.66> <CoreInst = "Adder">   --->   Core 1 'Adder' <Latency = 0> <II = 1> <Delay = 1.41> <FuncUnit> <Opcode : 'add' 'sub'> <InPorts = 2> <OutPorts = 1>
ST_12 : Operation 156 [1/1] (1.12ns)   --->   "%select_ln3450_6 = select i1 %tmp_10, i24 %add_ln3469_6, i24 %sub_ln3459_6" [source/imgproc/core/xf_math.h:3450]   --->   Operation 156 'select' 'select_ln3450_6' <Predicate = (!icmp_ln79)> <Delay = 1.12> <CoreInst = "Sel">   --->   Core 73 'Sel' <Latency = 0> <II = 1> <Delay = 0.81> <FuncUnit> <Opcode : 'select'> <InPorts = 3> <OutPorts = 1>
ST_12 : Operation 157 [1/1] (0.00ns)   --->   "%tmp_11 = bitselect i1 @_ssdm_op_BitSelect.i1.i24.i32, i24 %select_ln3450_6, i32 23" [source/imgproc/core/xf_math.h:3471]   --->   Operation 157 'bitselect' 'tmp_11' <Predicate = (!icmp_ln79)> <Delay = 0.00>
ST_12 : Operation 158 [1/1] (0.80ns)   --->   "%xor_ln3471_6 = xor i1 %tmp_11, i1 1" [source/imgproc/core/xf_math.h:3471]   --->   Operation 158 'xor' 'xor_ln3471_6' <Predicate = (!icmp_ln79)> <Delay = 0.80> <CoreInst = "LogicGate">   --->   Core 74 'LogicGate' <Latency = 0> <II = 1> <Delay = 0.80> <FuncUnit> <Opcode : 'and' 'or' 'xor'> <InPorts = 2> <OutPorts = 1>
ST_12 : Operation 159 [1/1] (0.00ns)   --->   "%R_1_8 = bitconcatenate i26 @_ssdm_op_BitConcatenate.i26.i24.i2, i24 %select_ln3450_6, i2 %tmp_8_cast" [source/imgproc/core/xf_math.h:3450]   --->   Operation 159 'bitconcatenate' 'R_1_8' <Predicate = (!icmp_ln79)> <Delay = 0.00>
ST_12 : Operation 160 [1/1] (0.00ns)   --->   "%R_1_8_cast = sext i26 %R_1_8" [source/imgproc/core/xf_math.h:3450]   --->   Operation 160 'sext' 'R_1_8_cast' <Predicate = (!icmp_ln79)> <Delay = 0.00>
ST_12 : Operation 161 [1/1] (0.00ns)   --->   "%tmpQ_8 = bitconcatenate i10 @_ssdm_op_BitConcatenate.i10.i1.i1.i1.i1.i1.i1.i1.i1.i2, i1 %icmp_ln3471, i1 %xor_ln3471, i1 %xor_ln3471_1, i1 %xor_ln3471_2, i1 %xor_ln3471_3, i1 %xor_ln3471_4, i1 %xor_ln3471_5, i1 %xor_ln3471_6, i2 0" [source/imgproc/core/xf_math.h:3471]   --->   Operation 161 'bitconcatenate' 'tmpQ_8' <Predicate = (!icmp_ln79)> <Delay = 0.00>
ST_12 : Operation 162 [1/1] (0.00ns) (grouped into LUT with out node sub_ln3459_7)   --->   "%or_ln3457_7 = or i10 %tmpQ_8, i10 1" [source/imgproc/core/xf_math.h:3457]   --->   Operation 162 'or' 'or_ln3457_7' <Predicate = (!icmp_ln79)> <Delay = 0.00>
ST_12 : Operation 163 [1/1] (0.00ns) (grouped into LUT with out node sub_ln3459_7)   --->   "%zext_ln3459_7 = zext i10 %or_ln3457_7" [source/imgproc/core/xf_math.h:3459]   --->   Operation 163 'zext' 'zext_ln3459_7' <Predicate = (!icmp_ln79)> <Delay = 0.00>
ST_12 : Operation 164 [1/1] (1.74ns) (out node of the LUT)   --->   "%sub_ln3459_7 = sub i27 %R_1_8_cast, i27 %zext_ln3459_7" [source/imgproc/core/xf_math.h:3459]   --->   Operation 164 'sub' 'sub_ln3459_7' <Predicate = (!icmp_ln79)> <Delay = 1.74> <CoreInst = "Adder">   --->   Core 1 'Adder' <Latency = 0> <II = 1> <Delay = 1.41> <FuncUnit> <Opcode : 'add' 'sub'> <InPorts = 2> <OutPorts = 1>
ST_12 : Operation 165 [1/1] (0.00ns) (grouped into LUT with out node add_ln3469_7)   --->   "%or_ln3467_7 = or i10 %tmpQ_8, i10 3" [source/imgproc/core/xf_math.h:3467]   --->   Operation 165 'or' 'or_ln3467_7' <Predicate = (!icmp_ln79)> <Delay = 0.00>
ST_12 : Operation 166 [1/1] (0.00ns) (grouped into LUT with out node add_ln3469_7)   --->   "%zext_ln3469_7 = zext i10 %or_ln3467_7" [source/imgproc/core/xf_math.h:3469]   --->   Operation 166 'zext' 'zext_ln3469_7' <Predicate = (!icmp_ln79)> <Delay = 0.00>
ST_12 : Operation 167 [1/1] (1.74ns) (out node of the LUT)   --->   "%add_ln3469_7 = add i27 %R_1_8_cast, i27 %zext_ln3469_7" [source/imgproc/core/xf_math.h:3469]   --->   Operation 167 'add' 'add_ln3469_7' <Predicate = (!icmp_ln79)> <Delay = 1.74> <CoreInst = "Adder">   --->   Core 1 'Adder' <Latency = 0> <II = 1> <Delay = 1.41> <FuncUnit> <Opcode : 'add' 'sub'> <InPorts = 2> <OutPorts = 1>
ST_12 : Operation 168 [1/1] (0.84ns)   --->   "%select_ln3450_7 = select i1 %tmp_11, i27 %add_ln3469_7, i27 %sub_ln3459_7" [source/imgproc/core/xf_math.h:3450]   --->   Operation 168 'select' 'select_ln3450_7' <Predicate = (!icmp_ln79)> <Delay = 0.84> <CoreInst = "Sel">   --->   Core 73 'Sel' <Latency = 0> <II = 1> <Delay = 0.81> <FuncUnit> <Opcode : 'select'> <InPorts = 3> <OutPorts = 1>
ST_12 : Operation 169 [1/1] (0.00ns)   --->   "%tmp_12 = bitselect i1 @_ssdm_op_BitSelect.i1.i27.i32, i27 %select_ln3450_7, i32 26" [source/imgproc/core/xf_math.h:3471]   --->   Operation 169 'bitselect' 'tmp_12' <Predicate = (!icmp_ln79)> <Delay = 0.00>

State 13 <SV = 12> <Delay = 6.75>
ST_13 : Operation 170 [1/1] (0.80ns)   --->   "%xor_ln3471_7 = xor i1 %tmp_12, i1 1" [source/imgproc/core/xf_math.h:3471]   --->   Operation 170 'xor' 'xor_ln3471_7' <Predicate = (!icmp_ln79)> <Delay = 0.80> <CoreInst = "LogicGate">   --->   Core 74 'LogicGate' <Latency = 0> <II = 1> <Delay = 0.80> <FuncUnit> <Opcode : 'and' 'or' 'xor'> <InPorts = 2> <OutPorts = 1>
ST_13 : Operation 171 [1/1] (0.00ns)   --->   "%R_1_9 = bitconcatenate i29 @_ssdm_op_BitConcatenate.i29.i27.i2, i27 %select_ln3450_7, i2 %tmp_9_cast" [source/imgproc/core/xf_math.h:3450]   --->   Operation 171 'bitconcatenate' 'R_1_9' <Predicate = (!icmp_ln79)> <Delay = 0.00>
ST_13 : Operation 172 [1/1] (0.00ns)   --->   "%R_1_9_cast = sext i29 %R_1_9" [source/imgproc/core/xf_math.h:3450]   --->   Operation 172 'sext' 'R_1_9_cast' <Predicate = (!icmp_ln79)> <Delay = 0.00>
ST_13 : Operation 173 [1/1] (0.00ns)   --->   "%tmpQ_9 = bitconcatenate i11 @_ssdm_op_BitConcatenate.i11.i1.i1.i1.i1.i1.i1.i1.i1.i1.i2, i1 %icmp_ln3471, i1 %xor_ln3471, i1 %xor_ln3471_1, i1 %xor_ln3471_2, i1 %xor_ln3471_3, i1 %xor_ln3471_4, i1 %xor_ln3471_5, i1 %xor_ln3471_6, i1 %xor_ln3471_7, i2 0" [source/imgproc/core/xf_math.h:3471]   --->   Operation 173 'bitconcatenate' 'tmpQ_9' <Predicate = (!icmp_ln79)> <Delay = 0.00>
ST_13 : Operation 174 [1/1] (0.00ns) (grouped into LUT with out node sub_ln3459_8)   --->   "%or_ln3457_8 = or i11 %tmpQ_9, i11 1" [source/imgproc/core/xf_math.h:3457]   --->   Operation 174 'or' 'or_ln3457_8' <Predicate = (!icmp_ln79 & !tmp_12)> <Delay = 0.00>
ST_13 : Operation 175 [1/1] (0.00ns) (grouped into LUT with out node sub_ln3459_8)   --->   "%zext_ln3459_8 = zext i11 %or_ln3457_8" [source/imgproc/core/xf_math.h:3459]   --->   Operation 175 'zext' 'zext_ln3459_8' <Predicate = (!icmp_ln79 & !tmp_12)> <Delay = 0.00>
ST_13 : Operation 176 [1/1] (1.82ns) (out node of the LUT)   --->   "%sub_ln3459_8 = sub i30 %R_1_9_cast, i30 %zext_ln3459_8" [source/imgproc/core/xf_math.h:3459]   --->   Operation 176 'sub' 'sub_ln3459_8' <Predicate = (!icmp_ln79 & !tmp_12)> <Delay = 1.82> <CoreInst = "Adder">   --->   Core 1 'Adder' <Latency = 0> <II = 1> <Delay = 1.41> <FuncUnit> <Opcode : 'add' 'sub'> <InPorts = 2> <OutPorts = 1>
ST_13 : Operation 177 [1/1] (0.00ns) (grouped into LUT with out node add_ln3469_8)   --->   "%or_ln3467_8 = or i11 %tmpQ_9, i11 3" [source/imgproc/core/xf_math.h:3467]   --->   Operation 177 'or' 'or_ln3467_8' <Predicate = (!icmp_ln79 & tmp_12)> <Delay = 0.00>
ST_13 : Operation 178 [1/1] (0.00ns) (grouped into LUT with out node add_ln3469_8)   --->   "%zext_ln3469_8 = zext i11 %or_ln3467_8" [source/imgproc/core/xf_math.h:3469]   --->   Operation 178 'zext' 'zext_ln3469_8' <Predicate = (!icmp_ln79 & tmp_12)> <Delay = 0.00>
ST_13 : Operation 179 [1/1] (1.82ns) (out node of the LUT)   --->   "%add_ln3469_8 = add i30 %R_1_9_cast, i30 %zext_ln3469_8" [source/imgproc/core/xf_math.h:3469]   --->   Operation 179 'add' 'add_ln3469_8' <Predicate = (!icmp_ln79 & tmp_12)> <Delay = 1.82> <CoreInst = "Adder">   --->   Core 1 'Adder' <Latency = 0> <II = 1> <Delay = 1.41> <FuncUnit> <Opcode : 'add' 'sub'> <InPorts = 2> <OutPorts = 1>
ST_13 : Operation 180 [1/1] (0.72ns)   --->   "%select_ln3450_8 = select i1 %tmp_12, i30 %add_ln3469_8, i30 %sub_ln3459_8" [source/imgproc/core/xf_math.h:3450]   --->   Operation 180 'select' 'select_ln3450_8' <Predicate = (!icmp_ln79)> <Delay = 0.72> <CoreInst = "Sel">   --->   Core 73 'Sel' <Latency = 0> <II = 1> <Delay = 0.81> <FuncUnit> <Opcode : 'select'> <InPorts = 3> <OutPorts = 1>
ST_13 : Operation 181 [1/1] (0.00ns)   --->   "%tmp_13 = bitselect i1 @_ssdm_op_BitSelect.i1.i30.i32, i30 %select_ln3450_8, i32 29" [source/imgproc/core/xf_math.h:3471]   --->   Operation 181 'bitselect' 'tmp_13' <Predicate = (!icmp_ln79)> <Delay = 0.00>
ST_13 : Operation 182 [1/1] (0.80ns)   --->   "%xor_ln3471_8 = xor i1 %tmp_13, i1 1" [source/imgproc/core/xf_math.h:3471]   --->   Operation 182 'xor' 'xor_ln3471_8' <Predicate = (!icmp_ln79)> <Delay = 0.80> <CoreInst = "LogicGate">   --->   Core 74 'LogicGate' <Latency = 0> <II = 1> <Delay = 0.80> <FuncUnit> <Opcode : 'and' 'or' 'xor'> <InPorts = 2> <OutPorts = 1>
ST_13 : Operation 183 [1/1] (0.00ns)   --->   "%R_1_s = bitconcatenate i32 @_ssdm_op_BitConcatenate.i32.i30.i2, i30 %select_ln3450_8, i2 %tmp_10_cast" [source/imgproc/core/xf_math.h:3450]   --->   Operation 183 'bitconcatenate' 'R_1_s' <Predicate = (!icmp_ln79)> <Delay = 0.00>
ST_13 : Operation 184 [1/1] (0.00ns)   --->   "%tmpQ_2 = bitconcatenate i12 @_ssdm_op_BitConcatenate.i12.i1.i1.i1.i1.i1.i1.i1.i1.i1.i1.i2, i1 %icmp_ln3471, i1 %xor_ln3471, i1 %xor_ln3471_1, i1 %xor_ln3471_2, i1 %xor_ln3471_3, i1 %xor_ln3471_4, i1 %xor_ln3471_5, i1 %xor_ln3471_6, i1 %xor_ln3471_7, i1 %xor_ln3471_8, i2 0" [source/imgproc/core/xf_math.h:3471]   --->   Operation 184 'bitconcatenate' 'tmpQ_2' <Predicate = (!icmp_ln79)> <Delay = 0.00>
ST_13 : Operation 185 [1/1] (0.00ns) (grouped into LUT with out node sub_ln3459_9)   --->   "%or_ln3457_9 = or i12 %tmpQ_2, i12 1" [source/imgproc/core/xf_math.h:3457]   --->   Operation 185 'or' 'or_ln3457_9' <Predicate = (!icmp_ln79)> <Delay = 0.00>
ST_13 : Operation 186 [1/1] (0.00ns) (grouped into LUT with out node sub_ln3459_9)   --->   "%zext_ln3459_9 = zext i12 %or_ln3457_9" [source/imgproc/core/xf_math.h:3459]   --->   Operation 186 'zext' 'zext_ln3459_9' <Predicate = (!icmp_ln79)> <Delay = 0.00>
ST_13 : Operation 187 [1/1] (1.89ns) (out node of the LUT)   --->   "%sub_ln3459_9 = sub i32 %R_1_s, i32 %zext_ln3459_9" [source/imgproc/core/xf_math.h:3459]   --->   Operation 187 'sub' 'sub_ln3459_9' <Predicate = (!icmp_ln79)> <Delay = 1.89> <CoreInst = "Adder">   --->   Core 1 'Adder' <Latency = 0> <II = 1> <Delay = 1.41> <FuncUnit> <Opcode : 'add' 'sub'> <InPorts = 2> <OutPorts = 1>
ST_13 : Operation 188 [1/1] (0.00ns) (grouped into LUT with out node add_ln3469_9)   --->   "%or_ln3467_9 = or i12 %tmpQ_2, i12 3" [source/imgproc/core/xf_math.h:3467]   --->   Operation 188 'or' 'or_ln3467_9' <Predicate = (!icmp_ln79)> <Delay = 0.00>
ST_13 : Operation 189 [1/1] (0.00ns) (grouped into LUT with out node add_ln3469_9)   --->   "%zext_ln3469_9 = zext i12 %or_ln3467_9" [source/imgproc/core/xf_math.h:3469]   --->   Operation 189 'zext' 'zext_ln3469_9' <Predicate = (!icmp_ln79)> <Delay = 0.00>
ST_13 : Operation 190 [1/1] (1.89ns) (out node of the LUT)   --->   "%add_ln3469_9 = add i32 %R_1_s, i32 %zext_ln3469_9" [source/imgproc/core/xf_math.h:3469]   --->   Operation 190 'add' 'add_ln3469_9' <Predicate = (!icmp_ln79)> <Delay = 1.89> <CoreInst = "Adder">   --->   Core 1 'Adder' <Latency = 0> <II = 1> <Delay = 1.41> <FuncUnit> <Opcode : 'add' 'sub'> <InPorts = 2> <OutPorts = 1>
ST_13 : Operation 191 [1/1] (0.70ns)   --->   "%select_ln3450_9 = select i1 %tmp_13, i32 %add_ln3469_9, i32 %sub_ln3459_9" [source/imgproc/core/xf_math.h:3450]   --->   Operation 191 'select' 'select_ln3450_9' <Predicate = (!icmp_ln79)> <Delay = 0.70> <CoreInst = "Sel">   --->   Core 73 'Sel' <Latency = 0> <II = 1> <Delay = 0.81> <FuncUnit> <Opcode : 'select'> <InPorts = 3> <OutPorts = 1>
ST_13 : Operation 192 [1/1] (0.00ns)   --->   "%tmp_14 = bitselect i1 @_ssdm_op_BitSelect.i1.i32.i32, i32 %select_ln3450_9, i32 31" [source/imgproc/core/xf_math.h:3471]   --->   Operation 192 'bitselect' 'tmp_14' <Predicate = (!icmp_ln79)> <Delay = 0.00>
ST_13 : Operation 193 [1/1] (0.00ns)   --->   "%empty = trunc i32 %select_ln3450_9" [source/imgproc/core/xf_math.h:3450]   --->   Operation 193 'trunc' 'empty' <Predicate = (!icmp_ln79)> <Delay = 0.00>

State 14 <SV = 13> <Delay = 6.80>
ST_14 : Operation 194 [1/1] (0.80ns)   --->   "%xor_ln3471_9 = xor i1 %tmp_14, i1 1" [source/imgproc/core/xf_math.h:3471]   --->   Operation 194 'xor' 'xor_ln3471_9' <Predicate = (!icmp_ln79)> <Delay = 0.80> <CoreInst = "LogicGate">   --->   Core 74 'LogicGate' <Latency = 0> <II = 1> <Delay = 0.80> <FuncUnit> <Opcode : 'and' 'or' 'xor'> <InPorts = 2> <OutPorts = 1>
ST_14 : Operation 195 [1/1] (0.00ns)   --->   "%R_1_10 = bitconcatenate i32 @_ssdm_op_BitConcatenate.i32.i30.i2, i30 %empty, i2 %tmp_11_cast" [source/imgproc/core/xf_math.h:3450]   --->   Operation 195 'bitconcatenate' 'R_1_10' <Predicate = (!icmp_ln79)> <Delay = 0.00>
ST_14 : Operation 196 [1/1] (0.00ns)   --->   "%tmpQ_10 = bitconcatenate i13 @_ssdm_op_BitConcatenate.i13.i1.i1.i1.i1.i1.i1.i1.i1.i1.i1.i1.i2, i1 %icmp_ln3471, i1 %xor_ln3471, i1 %xor_ln3471_1, i1 %xor_ln3471_2, i1 %xor_ln3471_3, i1 %xor_ln3471_4, i1 %xor_ln3471_5, i1 %xor_ln3471_6, i1 %xor_ln3471_7, i1 %xor_ln3471_8, i1 %xor_ln3471_9, i2 0" [source/imgproc/core/xf_math.h:3471]   --->   Operation 196 'bitconcatenate' 'tmpQ_10' <Predicate = (!icmp_ln79)> <Delay = 0.00>
ST_14 : Operation 197 [1/1] (0.00ns) (grouped into LUT with out node sub_ln3459_10)   --->   "%or_ln3457_10 = or i13 %tmpQ_10, i13 1" [source/imgproc/core/xf_math.h:3457]   --->   Operation 197 'or' 'or_ln3457_10' <Predicate = (!icmp_ln79 & !tmp_14)> <Delay = 0.00>
ST_14 : Operation 198 [1/1] (0.00ns) (grouped into LUT with out node sub_ln3459_10)   --->   "%zext_ln3459_10 = zext i13 %or_ln3457_10" [source/imgproc/core/xf_math.h:3459]   --->   Operation 198 'zext' 'zext_ln3459_10' <Predicate = (!icmp_ln79 & !tmp_14)> <Delay = 0.00>
ST_14 : Operation 199 [1/1] (1.89ns) (out node of the LUT)   --->   "%sub_ln3459_10 = sub i32 %R_1_10, i32 %zext_ln3459_10" [source/imgproc/core/xf_math.h:3459]   --->   Operation 199 'sub' 'sub_ln3459_10' <Predicate = (!icmp_ln79 & !tmp_14)> <Delay = 1.89> <CoreInst = "Adder">   --->   Core 1 'Adder' <Latency = 0> <II = 1> <Delay = 1.41> <FuncUnit> <Opcode : 'add' 'sub'> <InPorts = 2> <OutPorts = 1>
ST_14 : Operation 200 [1/1] (0.00ns) (grouped into LUT with out node add_ln3469_10)   --->   "%or_ln3467_10 = or i13 %tmpQ_10, i13 3" [source/imgproc/core/xf_math.h:3467]   --->   Operation 200 'or' 'or_ln3467_10' <Predicate = (!icmp_ln79 & tmp_14)> <Delay = 0.00>
ST_14 : Operation 201 [1/1] (0.00ns) (grouped into LUT with out node add_ln3469_10)   --->   "%zext_ln3469_10 = zext i13 %or_ln3467_10" [source/imgproc/core/xf_math.h:3469]   --->   Operation 201 'zext' 'zext_ln3469_10' <Predicate = (!icmp_ln79 & tmp_14)> <Delay = 0.00>
ST_14 : Operation 202 [1/1] (1.89ns) (out node of the LUT)   --->   "%add_ln3469_10 = add i32 %R_1_10, i32 %zext_ln3469_10" [source/imgproc/core/xf_math.h:3469]   --->   Operation 202 'add' 'add_ln3469_10' <Predicate = (!icmp_ln79 & tmp_14)> <Delay = 1.89> <CoreInst = "Adder">   --->   Core 1 'Adder' <Latency = 0> <II = 1> <Delay = 1.41> <FuncUnit> <Opcode : 'add' 'sub'> <InPorts = 2> <OutPorts = 1>
ST_14 : Operation 203 [1/1] (0.70ns)   --->   "%select_ln3450_10 = select i1 %tmp_14, i32 %add_ln3469_10, i32 %sub_ln3459_10" [source/imgproc/core/xf_math.h:3450]   --->   Operation 203 'select' 'select_ln3450_10' <Predicate = (!icmp_ln79)> <Delay = 0.70> <CoreInst = "Sel">   --->   Core 73 'Sel' <Latency = 0> <II = 1> <Delay = 0.81> <FuncUnit> <Opcode : 'select'> <InPorts = 3> <OutPorts = 1>
ST_14 : Operation 204 [1/1] (0.00ns)   --->   "%tmp_15 = bitselect i1 @_ssdm_op_BitSelect.i1.i32.i32, i32 %select_ln3450_10, i32 31" [source/imgproc/core/xf_math.h:3471]   --->   Operation 204 'bitselect' 'tmp_15' <Predicate = (!icmp_ln79)> <Delay = 0.00>
ST_14 : Operation 205 [1/1] (0.80ns)   --->   "%xor_ln3471_10 = xor i1 %tmp_15, i1 1" [source/imgproc/core/xf_math.h:3471]   --->   Operation 205 'xor' 'xor_ln3471_10' <Predicate = (!icmp_ln79)> <Delay = 0.80> <CoreInst = "LogicGate">   --->   Core 74 'LogicGate' <Latency = 0> <II = 1> <Delay = 0.80> <FuncUnit> <Opcode : 'and' 'or' 'xor'> <InPorts = 2> <OutPorts = 1>
ST_14 : Operation 206 [1/1] (0.00ns)   --->   "%empty_43 = trunc i32 %select_ln3450_10" [source/imgproc/core/xf_math.h:3450]   --->   Operation 206 'trunc' 'empty_43' <Predicate = (!icmp_ln79)> <Delay = 0.00>
ST_14 : Operation 207 [1/1] (0.00ns)   --->   "%R_1_11 = bitconcatenate i32 @_ssdm_op_BitConcatenate.i32.i30.i2, i30 %empty_43, i2 %tmp_12_cast" [source/imgproc/core/xf_math.h:3450]   --->   Operation 207 'bitconcatenate' 'R_1_11' <Predicate = (!icmp_ln79)> <Delay = 0.00>
ST_14 : Operation 208 [1/1] (0.00ns)   --->   "%tmpQ_11 = bitconcatenate i14 @_ssdm_op_BitConcatenate.i14.i1.i1.i1.i1.i1.i1.i1.i1.i1.i1.i1.i1.i2, i1 %icmp_ln3471, i1 %xor_ln3471, i1 %xor_ln3471_1, i1 %xor_ln3471_2, i1 %xor_ln3471_3, i1 %xor_ln3471_4, i1 %xor_ln3471_5, i1 %xor_ln3471_6, i1 %xor_ln3471_7, i1 %xor_ln3471_8, i1 %xor_ln3471_9, i1 %xor_ln3471_10, i2 0" [source/imgproc/core/xf_math.h:3471]   --->   Operation 208 'bitconcatenate' 'tmpQ_11' <Predicate = (!icmp_ln79)> <Delay = 0.00>
ST_14 : Operation 209 [1/1] (0.00ns) (grouped into LUT with out node sub_ln3459_11)   --->   "%or_ln3457_11 = or i14 %tmpQ_11, i14 1" [source/imgproc/core/xf_math.h:3457]   --->   Operation 209 'or' 'or_ln3457_11' <Predicate = (!icmp_ln79)> <Delay = 0.00>
ST_14 : Operation 210 [1/1] (0.00ns) (grouped into LUT with out node sub_ln3459_11)   --->   "%zext_ln3459_11 = zext i14 %or_ln3457_11" [source/imgproc/core/xf_math.h:3459]   --->   Operation 210 'zext' 'zext_ln3459_11' <Predicate = (!icmp_ln79)> <Delay = 0.00>
ST_14 : Operation 211 [1/1] (1.89ns) (out node of the LUT)   --->   "%sub_ln3459_11 = sub i32 %R_1_11, i32 %zext_ln3459_11" [source/imgproc/core/xf_math.h:3459]   --->   Operation 211 'sub' 'sub_ln3459_11' <Predicate = (!icmp_ln79)> <Delay = 1.89> <CoreInst = "Adder">   --->   Core 1 'Adder' <Latency = 0> <II = 1> <Delay = 1.41> <FuncUnit> <Opcode : 'add' 'sub'> <InPorts = 2> <OutPorts = 1>
ST_14 : Operation 212 [1/1] (0.00ns) (grouped into LUT with out node add_ln3469_11)   --->   "%or_ln3467_11 = or i14 %tmpQ_11, i14 3" [source/imgproc/core/xf_math.h:3467]   --->   Operation 212 'or' 'or_ln3467_11' <Predicate = (!icmp_ln79)> <Delay = 0.00>
ST_14 : Operation 213 [1/1] (0.00ns) (grouped into LUT with out node add_ln3469_11)   --->   "%zext_ln3469_11 = zext i14 %or_ln3467_11" [source/imgproc/core/xf_math.h:3469]   --->   Operation 213 'zext' 'zext_ln3469_11' <Predicate = (!icmp_ln79)> <Delay = 0.00>
ST_14 : Operation 214 [1/1] (1.89ns) (out node of the LUT)   --->   "%add_ln3469_11 = add i32 %R_1_11, i32 %zext_ln3469_11" [source/imgproc/core/xf_math.h:3469]   --->   Operation 214 'add' 'add_ln3469_11' <Predicate = (!icmp_ln79)> <Delay = 1.89> <CoreInst = "Adder">   --->   Core 1 'Adder' <Latency = 0> <II = 1> <Delay = 1.41> <FuncUnit> <Opcode : 'add' 'sub'> <InPorts = 2> <OutPorts = 1>
ST_14 : Operation 215 [1/1] (0.70ns)   --->   "%select_ln3450_11 = select i1 %tmp_15, i32 %add_ln3469_11, i32 %sub_ln3459_11" [source/imgproc/core/xf_math.h:3450]   --->   Operation 215 'select' 'select_ln3450_11' <Predicate = (!icmp_ln79)> <Delay = 0.70> <CoreInst = "Sel">   --->   Core 73 'Sel' <Latency = 0> <II = 1> <Delay = 0.81> <FuncUnit> <Opcode : 'select'> <InPorts = 3> <OutPorts = 1>
ST_14 : Operation 216 [1/1] (0.00ns)   --->   "%tmp_16 = bitselect i1 @_ssdm_op_BitSelect.i1.i32.i32, i32 %select_ln3450_11, i32 31" [source/imgproc/core/xf_math.h:3471]   --->   Operation 216 'bitselect' 'tmp_16' <Predicate = (!icmp_ln79)> <Delay = 0.00>
ST_14 : Operation 217 [1/1] (0.00ns)   --->   "%empty_44 = trunc i32 %select_ln3450_11" [source/imgproc/core/xf_math.h:3450]   --->   Operation 217 'trunc' 'empty_44' <Predicate = (!icmp_ln79)> <Delay = 0.00>

State 15 <SV = 14> <Delay = 6.80>
ST_15 : Operation 218 [1/1] (0.80ns)   --->   "%xor_ln3471_11 = xor i1 %tmp_16, i1 1" [source/imgproc/core/xf_math.h:3471]   --->   Operation 218 'xor' 'xor_ln3471_11' <Predicate = (!icmp_ln79)> <Delay = 0.80> <CoreInst = "LogicGate">   --->   Core 74 'LogicGate' <Latency = 0> <II = 1> <Delay = 0.80> <FuncUnit> <Opcode : 'and' 'or' 'xor'> <InPorts = 2> <OutPorts = 1>
ST_15 : Operation 219 [1/1] (0.00ns)   --->   "%R_1_12 = bitconcatenate i32 @_ssdm_op_BitConcatenate.i32.i30.i2, i30 %empty_44, i2 %tmp_1313_cast" [source/imgproc/core/xf_math.h:3450]   --->   Operation 219 'bitconcatenate' 'R_1_12' <Predicate = (!icmp_ln79)> <Delay = 0.00>
ST_15 : Operation 220 [1/1] (0.00ns)   --->   "%tmpQ_12 = bitconcatenate i15 @_ssdm_op_BitConcatenate.i15.i1.i1.i1.i1.i1.i1.i1.i1.i1.i1.i1.i1.i1.i2, i1 %icmp_ln3471, i1 %xor_ln3471, i1 %xor_ln3471_1, i1 %xor_ln3471_2, i1 %xor_ln3471_3, i1 %xor_ln3471_4, i1 %xor_ln3471_5, i1 %xor_ln3471_6, i1 %xor_ln3471_7, i1 %xor_ln3471_8, i1 %xor_ln3471_9, i1 %xor_ln3471_10, i1 %xor_ln3471_11, i2 0" [source/imgproc/core/xf_math.h:3471]   --->   Operation 220 'bitconcatenate' 'tmpQ_12' <Predicate = (!icmp_ln79)> <Delay = 0.00>
ST_15 : Operation 221 [1/1] (0.00ns) (grouped into LUT with out node sub_ln3459_12)   --->   "%or_ln3457_12 = or i15 %tmpQ_12, i15 1" [source/imgproc/core/xf_math.h:3457]   --->   Operation 221 'or' 'or_ln3457_12' <Predicate = (!icmp_ln79 & !tmp_16)> <Delay = 0.00>
ST_15 : Operation 222 [1/1] (0.00ns) (grouped into LUT with out node sub_ln3459_12)   --->   "%zext_ln3459_12 = zext i15 %or_ln3457_12" [source/imgproc/core/xf_math.h:3459]   --->   Operation 222 'zext' 'zext_ln3459_12' <Predicate = (!icmp_ln79 & !tmp_16)> <Delay = 0.00>
ST_15 : Operation 223 [1/1] (1.89ns) (out node of the LUT)   --->   "%sub_ln3459_12 = sub i32 %R_1_12, i32 %zext_ln3459_12" [source/imgproc/core/xf_math.h:3459]   --->   Operation 223 'sub' 'sub_ln3459_12' <Predicate = (!icmp_ln79 & !tmp_16)> <Delay = 1.89> <CoreInst = "Adder">   --->   Core 1 'Adder' <Latency = 0> <II = 1> <Delay = 1.41> <FuncUnit> <Opcode : 'add' 'sub'> <InPorts = 2> <OutPorts = 1>
ST_15 : Operation 224 [1/1] (0.00ns) (grouped into LUT with out node add_ln3469_12)   --->   "%or_ln3467_12 = or i15 %tmpQ_12, i15 3" [source/imgproc/core/xf_math.h:3467]   --->   Operation 224 'or' 'or_ln3467_12' <Predicate = (!icmp_ln79 & tmp_16)> <Delay = 0.00>
ST_15 : Operation 225 [1/1] (0.00ns) (grouped into LUT with out node add_ln3469_12)   --->   "%zext_ln3469_12 = zext i15 %or_ln3467_12" [source/imgproc/core/xf_math.h:3469]   --->   Operation 225 'zext' 'zext_ln3469_12' <Predicate = (!icmp_ln79 & tmp_16)> <Delay = 0.00>
ST_15 : Operation 226 [1/1] (1.89ns) (out node of the LUT)   --->   "%add_ln3469_12 = add i32 %R_1_12, i32 %zext_ln3469_12" [source/imgproc/core/xf_math.h:3469]   --->   Operation 226 'add' 'add_ln3469_12' <Predicate = (!icmp_ln79 & tmp_16)> <Delay = 1.89> <CoreInst = "Adder">   --->   Core 1 'Adder' <Latency = 0> <II = 1> <Delay = 1.41> <FuncUnit> <Opcode : 'add' 'sub'> <InPorts = 2> <OutPorts = 1>
ST_15 : Operation 227 [1/1] (0.70ns)   --->   "%select_ln3450_12 = select i1 %tmp_16, i32 %add_ln3469_12, i32 %sub_ln3459_12" [source/imgproc/core/xf_math.h:3450]   --->   Operation 227 'select' 'select_ln3450_12' <Predicate = (!icmp_ln79)> <Delay = 0.70> <CoreInst = "Sel">   --->   Core 73 'Sel' <Latency = 0> <II = 1> <Delay = 0.81> <FuncUnit> <Opcode : 'select'> <InPorts = 3> <OutPorts = 1>
ST_15 : Operation 228 [1/1] (0.00ns)   --->   "%tmp_17 = bitselect i1 @_ssdm_op_BitSelect.i1.i32.i32, i32 %select_ln3450_12, i32 31" [source/imgproc/core/xf_math.h:3471]   --->   Operation 228 'bitselect' 'tmp_17' <Predicate = (!icmp_ln79)> <Delay = 0.00>
ST_15 : Operation 229 [1/1] (0.80ns)   --->   "%xor_ln3471_12 = xor i1 %tmp_17, i1 1" [source/imgproc/core/xf_math.h:3471]   --->   Operation 229 'xor' 'xor_ln3471_12' <Predicate = (!icmp_ln79)> <Delay = 0.80> <CoreInst = "LogicGate">   --->   Core 74 'LogicGate' <Latency = 0> <II = 1> <Delay = 0.80> <FuncUnit> <Opcode : 'and' 'or' 'xor'> <InPorts = 2> <OutPorts = 1>
ST_15 : Operation 230 [1/1] (0.00ns)   --->   "%empty_45 = trunc i32 %select_ln3450_12" [source/imgproc/core/xf_math.h:3450]   --->   Operation 230 'trunc' 'empty_45' <Predicate = (!icmp_ln79)> <Delay = 0.00>
ST_15 : Operation 231 [1/1] (0.00ns)   --->   "%R_1_13 = bitconcatenate i32 @_ssdm_op_BitConcatenate.i32.i30.i2, i30 %empty_45, i2 %tmp_14_cast" [source/imgproc/core/xf_math.h:3450]   --->   Operation 231 'bitconcatenate' 'R_1_13' <Predicate = (!icmp_ln79)> <Delay = 0.00>
ST_15 : Operation 232 [1/1] (0.00ns)   --->   "%tmpQ_13 = bitconcatenate i16 @_ssdm_op_BitConcatenate.i16.i1.i1.i1.i1.i1.i1.i1.i1.i1.i1.i1.i1.i1.i1.i2, i1 %icmp_ln3471, i1 %xor_ln3471, i1 %xor_ln3471_1, i1 %xor_ln3471_2, i1 %xor_ln3471_3, i1 %xor_ln3471_4, i1 %xor_ln3471_5, i1 %xor_ln3471_6, i1 %xor_ln3471_7, i1 %xor_ln3471_8, i1 %xor_ln3471_9, i1 %xor_ln3471_10, i1 %xor_ln3471_11, i1 %xor_ln3471_12, i2 0" [source/imgproc/core/xf_math.h:3471]   --->   Operation 232 'bitconcatenate' 'tmpQ_13' <Predicate = (!icmp_ln79)> <Delay = 0.00>
ST_15 : Operation 233 [1/1] (0.00ns) (grouped into LUT with out node sub_ln3459_13)   --->   "%or_ln3457_13 = or i16 %tmpQ_13, i16 1" [source/imgproc/core/xf_math.h:3457]   --->   Operation 233 'or' 'or_ln3457_13' <Predicate = (!icmp_ln79)> <Delay = 0.00>
ST_15 : Operation 234 [1/1] (0.00ns) (grouped into LUT with out node sub_ln3459_13)   --->   "%zext_ln3459_13 = zext i16 %or_ln3457_13" [source/imgproc/core/xf_math.h:3459]   --->   Operation 234 'zext' 'zext_ln3459_13' <Predicate = (!icmp_ln79)> <Delay = 0.00>
ST_15 : Operation 235 [1/1] (1.89ns) (out node of the LUT)   --->   "%sub_ln3459_13 = sub i32 %R_1_13, i32 %zext_ln3459_13" [source/imgproc/core/xf_math.h:3459]   --->   Operation 235 'sub' 'sub_ln3459_13' <Predicate = (!icmp_ln79)> <Delay = 1.89> <CoreInst = "Adder">   --->   Core 1 'Adder' <Latency = 0> <II = 1> <Delay = 1.41> <FuncUnit> <Opcode : 'add' 'sub'> <InPorts = 2> <OutPorts = 1>
ST_15 : Operation 236 [1/1] (0.00ns) (grouped into LUT with out node add_ln3469_13)   --->   "%or_ln3467_13 = or i16 %tmpQ_13, i16 3" [source/imgproc/core/xf_math.h:3467]   --->   Operation 236 'or' 'or_ln3467_13' <Predicate = (!icmp_ln79)> <Delay = 0.00>
ST_15 : Operation 237 [1/1] (0.00ns) (grouped into LUT with out node add_ln3469_13)   --->   "%zext_ln3469_13 = zext i16 %or_ln3467_13" [source/imgproc/core/xf_math.h:3469]   --->   Operation 237 'zext' 'zext_ln3469_13' <Predicate = (!icmp_ln79)> <Delay = 0.00>
ST_15 : Operation 238 [1/1] (1.89ns) (out node of the LUT)   --->   "%add_ln3469_13 = add i32 %R_1_13, i32 %zext_ln3469_13" [source/imgproc/core/xf_math.h:3469]   --->   Operation 238 'add' 'add_ln3469_13' <Predicate = (!icmp_ln79)> <Delay = 1.89> <CoreInst = "Adder">   --->   Core 1 'Adder' <Latency = 0> <II = 1> <Delay = 1.41> <FuncUnit> <Opcode : 'add' 'sub'> <InPorts = 2> <OutPorts = 1>
ST_15 : Operation 239 [1/1] (0.70ns)   --->   "%select_ln3450_13 = select i1 %tmp_17, i32 %add_ln3469_13, i32 %sub_ln3459_13" [source/imgproc/core/xf_math.h:3450]   --->   Operation 239 'select' 'select_ln3450_13' <Predicate = (!icmp_ln79)> <Delay = 0.70> <CoreInst = "Sel">   --->   Core 73 'Sel' <Latency = 0> <II = 1> <Delay = 0.81> <FuncUnit> <Opcode : 'select'> <InPorts = 3> <OutPorts = 1>
ST_15 : Operation 240 [1/1] (0.00ns)   --->   "%tmp_18 = bitselect i1 @_ssdm_op_BitSelect.i1.i32.i32, i32 %select_ln3450_13, i32 31" [source/imgproc/core/xf_math.h:3471]   --->   Operation 240 'bitselect' 'tmp_18' <Predicate = (!icmp_ln79)> <Delay = 0.00>
ST_15 : Operation 241 [1/1] (0.00ns)   --->   "%empty_46 = trunc i32 %select_ln3450_13" [source/imgproc/core/xf_math.h:3450]   --->   Operation 241 'trunc' 'empty_46' <Predicate = (!icmp_ln79)> <Delay = 0.00>

State 16 <SV = 15> <Delay = 6.92>
ST_16 : Operation 242 [1/1] (0.00ns)   --->   "%specpipeline_ln65 = specpipeline void @_ssdm_op_SpecPipeline, i32 4294967295, i32 0, i32 0, i32 0, void @empty_5" [source/imgproc/xf_magnitude.hpp:65]   --->   Operation 242 'specpipeline' 'specpipeline_ln65' <Predicate = (!icmp_ln79)> <Delay = 0.00>
ST_16 : Operation 243 [1/1] (0.00ns)   --->   "%speclooptripcount_ln65 = speclooptripcount void @_ssdm_op_SpecLoopTripCount, i64 1280, i64 1280, i64 1280" [source/imgproc/xf_magnitude.hpp:65]   --->   Operation 243 'speclooptripcount' 'speclooptripcount_ln65' <Predicate = (!icmp_ln79)> <Delay = 0.00>
ST_16 : Operation 244 [1/1] (0.00ns)   --->   "%specloopname_ln65 = specloopname void @_ssdm_op_SpecLoopName, void @empty_24" [source/imgproc/xf_magnitude.hpp:65]   --->   Operation 244 'specloopname' 'specloopname_ln65' <Predicate = (!icmp_ln79)> <Delay = 0.00>
ST_16 : Operation 245 [1/1] (0.80ns)   --->   "%xor_ln3471_13 = xor i1 %tmp_18, i1 1" [source/imgproc/core/xf_math.h:3471]   --->   Operation 245 'xor' 'xor_ln3471_13' <Predicate = (!icmp_ln79)> <Delay = 0.80> <CoreInst = "LogicGate">   --->   Core 74 'LogicGate' <Latency = 0> <II = 1> <Delay = 0.80> <FuncUnit> <Opcode : 'and' 'or' 'xor'> <InPorts = 2> <OutPorts = 1>
ST_16 : Operation 246 [1/1] (0.00ns)   --->   "%R_1_14 = bitconcatenate i32 @_ssdm_op_BitConcatenate.i32.i30.i2, i30 %empty_46, i2 %trunc_ln67" [source/imgproc/core/xf_math.h:3450]   --->   Operation 246 'bitconcatenate' 'R_1_14' <Predicate = (!icmp_ln79)> <Delay = 0.00>
ST_16 : Operation 247 [1/1] (0.00ns)   --->   "%tmpQ_14 = bitconcatenate i17 @_ssdm_op_BitConcatenate.i17.i1.i1.i1.i1.i1.i1.i1.i1.i1.i1.i1.i1.i1.i1.i1.i2, i1 %icmp_ln3471, i1 %xor_ln3471, i1 %xor_ln3471_1, i1 %xor_ln3471_2, i1 %xor_ln3471_3, i1 %xor_ln3471_4, i1 %xor_ln3471_5, i1 %xor_ln3471_6, i1 %xor_ln3471_7, i1 %xor_ln3471_8, i1 %xor_ln3471_9, i1 %xor_ln3471_10, i1 %xor_ln3471_11, i1 %xor_ln3471_12, i1 %xor_ln3471_13, i2 0" [source/imgproc/core/xf_math.h:3471]   --->   Operation 247 'bitconcatenate' 'tmpQ_14' <Predicate = (!icmp_ln79)> <Delay = 0.00>
ST_16 : Operation 248 [1/1] (0.00ns) (grouped into LUT with out node sub_ln3459_14)   --->   "%or_ln3457_14 = or i17 %tmpQ_14, i17 1" [source/imgproc/core/xf_math.h:3457]   --->   Operation 248 'or' 'or_ln3457_14' <Predicate = (!icmp_ln79 & !tmp_18)> <Delay = 0.00>
ST_16 : Operation 249 [1/1] (0.00ns) (grouped into LUT with out node sub_ln3459_14)   --->   "%zext_ln3459_14 = zext i17 %or_ln3457_14" [source/imgproc/core/xf_math.h:3459]   --->   Operation 249 'zext' 'zext_ln3459_14' <Predicate = (!icmp_ln79 & !tmp_18)> <Delay = 0.00>
ST_16 : Operation 250 [1/1] (1.89ns) (out node of the LUT)   --->   "%sub_ln3459_14 = sub i32 %R_1_14, i32 %zext_ln3459_14" [source/imgproc/core/xf_math.h:3459]   --->   Operation 250 'sub' 'sub_ln3459_14' <Predicate = (!icmp_ln79 & !tmp_18)> <Delay = 1.89> <CoreInst = "Adder">   --->   Core 1 'Adder' <Latency = 0> <II = 1> <Delay = 1.41> <FuncUnit> <Opcode : 'add' 'sub'> <InPorts = 2> <OutPorts = 1>
ST_16 : Operation 251 [1/1] (0.00ns) (grouped into LUT with out node add_ln3469_14)   --->   "%or_ln3467_14 = or i17 %tmpQ_14, i17 3" [source/imgproc/core/xf_math.h:3467]   --->   Operation 251 'or' 'or_ln3467_14' <Predicate = (!icmp_ln79 & tmp_18)> <Delay = 0.00>
ST_16 : Operation 252 [1/1] (0.00ns) (grouped into LUT with out node add_ln3469_14)   --->   "%zext_ln3469_14 = zext i17 %or_ln3467_14" [source/imgproc/core/xf_math.h:3469]   --->   Operation 252 'zext' 'zext_ln3469_14' <Predicate = (!icmp_ln79 & tmp_18)> <Delay = 0.00>
ST_16 : Operation 253 [1/1] (1.89ns) (out node of the LUT)   --->   "%add_ln3469_14 = add i32 %R_1_14, i32 %zext_ln3469_14" [source/imgproc/core/xf_math.h:3469]   --->   Operation 253 'add' 'add_ln3469_14' <Predicate = (!icmp_ln79 & tmp_18)> <Delay = 1.89> <CoreInst = "Adder">   --->   Core 1 'Adder' <Latency = 0> <II = 1> <Delay = 1.41> <FuncUnit> <Opcode : 'add' 'sub'> <InPorts = 2> <OutPorts = 1>
ST_16 : Operation 254 [1/1] (0.00ns) (grouped into LUT with out node xor_ln3471_14)   --->   "%tmp_19 = bitselect i1 @_ssdm_op_BitSelect.i1.i32.i32, i32 %add_ln3469_14, i32 31" [source/imgproc/core/xf_math.h:3471]   --->   Operation 254 'bitselect' 'tmp_19' <Predicate = (!icmp_ln79 & tmp_18)> <Delay = 0.00>
ST_16 : Operation 255 [1/1] (0.00ns) (grouped into LUT with out node xor_ln3471_14)   --->   "%tmp_20 = bitselect i1 @_ssdm_op_BitSelect.i1.i32.i32, i32 %sub_ln3459_14, i32 31" [source/imgproc/core/xf_math.h:3471]   --->   Operation 255 'bitselect' 'tmp_20' <Predicate = (!icmp_ln79 & !tmp_18)> <Delay = 0.00>
ST_16 : Operation 256 [1/1] (0.00ns) (grouped into LUT with out node xor_ln3471_14)   --->   "%select_ln3450_14 = select i1 %tmp_18, i1 %tmp_19, i1 %tmp_20" [source/imgproc/core/xf_math.h:3450]   --->   Operation 256 'select' 'select_ln3450_14' <Predicate = (!icmp_ln79)> <Delay = 0.00> <CoreInst = "Sel">   --->   Core 73 'Sel' <Latency = 0> <II = 1> <Delay = 0.81> <FuncUnit> <Opcode : 'select'> <InPorts = 3> <OutPorts = 1>
ST_16 : Operation 257 [1/1] (0.81ns) (out node of the LUT)   --->   "%xor_ln3471_14 = xor i1 %select_ln3450_14, i1 1" [source/imgproc/core/xf_math.h:3471]   --->   Operation 257 'xor' 'xor_ln3471_14' <Predicate = (!icmp_ln79)> <Delay = 0.81> <CoreInst = "LogicGate">   --->   Core 74 'LogicGate' <Latency = 0> <II = 1> <Delay = 0.80> <FuncUnit> <Opcode : 'and' 'or' 'xor'> <InPorts = 2> <OutPorts = 1>
ST_16 : Operation 258 [1/1] (0.00ns)   --->   "%select_ln3471_s = bitconcatenate i16 @_ssdm_op_BitConcatenate.i16.i1.i1.i1.i1.i1.i1.i1.i1.i1.i1.i1.i1.i1.i1.i1.i1, i1 %icmp_ln3471, i1 %xor_ln3471, i1 %xor_ln3471_1, i1 %xor_ln3471_2, i1 %xor_ln3471_3, i1 %xor_ln3471_4, i1 %xor_ln3471_5, i1 %xor_ln3471_6, i1 %xor_ln3471_7, i1 %xor_ln3471_8, i1 %xor_ln3471_9, i1 %xor_ln3471_10, i1 %xor_ln3471_11, i1 %xor_ln3471_12, i1 %xor_ln3471_13, i1 %xor_ln3471_14" [source/imgproc/core/xf_math.h:3471]   --->   Operation 258 'bitconcatenate' 'select_ln3471_s' <Predicate = (!icmp_ln79)> <Delay = 0.00>
ST_16 : Operation 259 [1/1] (3.41ns)   --->   "%write_ln174 = write void @_ssdm_op_Write.ap_fifo.volatile.i16P0A, i16 %magnitude_mat_4216, i16 %select_ln3471_s" [C:/Xilinx/Vitis_HLS/2020.2/common/technology/autopilot/hls_stream_39.h:174]   --->   Operation 259 'write' 'write_ln174' <Predicate = (!icmp_ln79)> <Delay = 3.41> <CoreInst = "FIFO">   --->   Core 78 'FIFO' <Latency = 0> <II = 1> <Delay = 3.41> <Storage> <Opcode : 'read' 'write' 'nbread' 'nbwrite'> <Ports = 0> <Width = 16> <Depth = 3840> <FIFO>
ST_16 : Operation 260 [1/1] (0.00ns)   --->   "%br_ln0 = br void"   --->   Operation 260 'br' 'br_ln0' <Predicate = (!icmp_ln79)> <Delay = 0.00>

State 17 <SV = 3> <Delay = 0.00>
ST_17 : Operation 261 [1/1] (0.00ns)   --->   "%br_ln0 = br void"   --->   Operation 261 'br' 'br_ln0' <Predicate = true> <Delay = 0.00>


============================================================
+ Verbose Summary: Timing violations
============================================================
Target clock period: 10ns, clock uncertainty: 2.7ns.

 <State 1>: 1.3ns
The critical path consists of the following:
	multiplexor before 'phi' operation ('i') with incoming values : ('i', source/imgproc/xf_magnitude.hpp:72) [9]  (1.3 ns)

 <State 2>: 1.94ns
The critical path consists of the following:
	'phi' operation ('i') with incoming values : ('i', source/imgproc/xf_magnitude.hpp:72) [9]  (0 ns)
	'icmp' operation ('icmp_ln72', source/imgproc/xf_magnitude.hpp:72) [11]  (1.94 ns)

 <State 3>: 1.88ns
The critical path consists of the following:
	'phi' operation ('j') with incoming values : ('j', source/imgproc/xf_magnitude.hpp:79) [18]  (0 ns)
	'icmp' operation ('icmp_ln79', source/imgproc/xf_magnitude.hpp:79) [20]  (1.88 ns)

 <State 4>: 5.57ns
The critical path consists of the following:
	fifo read on port 'gradx1_mat_4211' (C:/Xilinx/Vitis_HLS/2020.2/common/technology/autopilot/hls_stream_39.h:145) [26]  (3.4 ns)
	'sub' operation ('sub_ln98', source/imgproc/xf_magnitude.hpp:98) [29]  (1.54 ns)
	'select' operation ('p', source/imgproc/xf_magnitude.hpp:98) [30]  (0.627 ns)

 <State 5>: 1.82ns
The critical path consists of the following:
	'mul' operation of DSP[37] ('tempgy', source/imgproc/xf_magnitude.hpp:106) [37]  (1.82 ns)

 <State 6>: 1.82ns
The critical path consists of the following:
	'mul' operation of DSP[37] ('tempgy', source/imgproc/xf_magnitude.hpp:106) [37]  (1.82 ns)

 <State 7>: 1.82ns
The critical path consists of the following:
	'mul' operation of DSP[37] ('tempgy', source/imgproc/xf_magnitude.hpp:106) [37]  (1.82 ns)

 <State 8>: 1.76ns
The critical path consists of the following:
	'mul' operation of DSP[38] ('tempgx', source/imgproc/xf_magnitude.hpp:105) [35]  (0 ns)
	'add' operation of DSP[38] ('result_temp', source/imgproc/xf_magnitude.hpp:107) [38]  (1.76 ns)

 <State 9>: 6.86ns
The critical path consists of the following:
	'add' operation of DSP[38] ('result_temp', source/imgproc/xf_magnitude.hpp:107) [38]  (1.76 ns)
	'add' operation ('tmpR_1', source/imgproc/xf_magnitude.hpp:107) [46]  (0.997 ns)
	'sub' operation ('sub_ln3459', source/imgproc/core/xf_math.h:3459) [53]  (1.02 ns)
	'select' operation ('select_ln3450', source/imgproc/core/xf_math.h:3450) [57]  (0.972 ns)
	'xor' operation ('xor_ln3471', source/imgproc/core/xf_math.h:3471) [59]  (0.8 ns)
	'or' operation ('or_ln3457_1', source/imgproc/core/xf_math.h:3457) [64]  (0 ns)
	'sub' operation ('sub_ln3459_1', source/imgproc/core/xf_math.h:3459) [66]  (1.31 ns)

 <State 10>: 6.53ns
The critical path consists of the following:
	'select' operation ('select_ln3450_1', source/imgproc/core/xf_math.h:3450) [70]  (0.722 ns)
	'xor' operation ('xor_ln3471_1', source/imgproc/core/xf_math.h:3471) [72]  (0.8 ns)
	'or' operation ('or_ln3457_2', source/imgproc/core/xf_math.h:3457) [77]  (0 ns)
	'sub' operation ('sub_ln3459_2', source/imgproc/core/xf_math.h:3459) [79]  (1.48 ns)
	'select' operation ('select_ln3450_2', source/imgproc/core/xf_math.h:3450) [83]  (0.59 ns)
	'xor' operation ('xor_ln3471_2', source/imgproc/core/xf_math.h:3471) [85]  (0.8 ns)
	'or' operation ('or_ln3467_3', source/imgproc/core/xf_math.h:3467) [93]  (0 ns)
	'add' operation ('add_ln3469_3', source/imgproc/core/xf_math.h:3469) [95]  (1.53 ns)
	'select' operation ('select_ln3450_3', source/imgproc/core/xf_math.h:3450) [96]  (0.607 ns)

 <State 11>: 6.09ns
The critical path consists of the following:
	'xor' operation ('xor_ln3471_3', source/imgproc/core/xf_math.h:3471) [98]  (0.8 ns)
	'or' operation ('or_ln3467_4', source/imgproc/core/xf_math.h:3467) [106]  (0 ns)
	'add' operation ('add_ln3469_4', source/imgproc/core/xf_math.h:3469) [108]  (1.55 ns)
	'select' operation ('select_ln3450_4', source/imgproc/core/xf_math.h:3450) [109]  (0.617 ns)
	'xor' operation ('xor_ln3471_4', source/imgproc/core/xf_math.h:3471) [111]  (0.8 ns)
	'or' operation ('or_ln3457_5', source/imgproc/core/xf_math.h:3457) [116]  (0 ns)
	'sub' operation ('sub_ln3459_5', source/imgproc/core/xf_math.h:3459) [118]  (1.58 ns)
	'select' operation ('select_ln3450_5', source/imgproc/core/xf_math.h:3450) [122]  (0.738 ns)

 <State 12>: 6.98ns
The critical path consists of the following:
	'xor' operation ('xor_ln3471_5', source/imgproc/core/xf_math.h:3471) [124]  (0.8 ns)
	'or' operation ('or_ln3457_6', source/imgproc/core/xf_math.h:3457) [129]  (0 ns)
	'sub' operation ('sub_ln3459_6', source/imgproc/core/xf_math.h:3459) [131]  (1.66 ns)
	'select' operation ('select_ln3450_6', source/imgproc/core/xf_math.h:3450) [135]  (1.13 ns)
	'xor' operation ('xor_ln3471_6', source/imgproc/core/xf_math.h:3471) [137]  (0.8 ns)
	'or' operation ('or_ln3457_7', source/imgproc/core/xf_math.h:3457) [142]  (0 ns)
	'sub' operation ('sub_ln3459_7', source/imgproc/core/xf_math.h:3459) [144]  (1.74 ns)
	'select' operation ('select_ln3450_7', source/imgproc/core/xf_math.h:3450) [148]  (0.844 ns)

 <State 13>: 6.75ns
The critical path consists of the following:
	'xor' operation ('xor_ln3471_7', source/imgproc/core/xf_math.h:3471) [150]  (0.8 ns)
	'or' operation ('or_ln3457_8', source/imgproc/core/xf_math.h:3457) [155]  (0 ns)
	'sub' operation ('sub_ln3459_8', source/imgproc/core/xf_math.h:3459) [157]  (1.82 ns)
	'select' operation ('select_ln3450_8', source/imgproc/core/xf_math.h:3450) [161]  (0.727 ns)
	'xor' operation ('xor_ln3471_8', source/imgproc/core/xf_math.h:3471) [163]  (0.8 ns)
	'or' operation ('or_ln3457_9', source/imgproc/core/xf_math.h:3457) [167]  (0 ns)
	'sub' operation ('sub_ln3459_9', source/imgproc/core/xf_math.h:3459) [169]  (1.9 ns)
	'select' operation ('select_ln3450_9', source/imgproc/core/xf_math.h:3450) [173]  (0.705 ns)

 <State 14>: 6.8ns
The critical path consists of the following:
	'xor' operation ('xor_ln3471_9', source/imgproc/core/xf_math.h:3471) [175]  (0.8 ns)
	'or' operation ('or_ln3457_10', source/imgproc/core/xf_math.h:3457) [180]  (0 ns)
	'sub' operation ('sub_ln3459_10', source/imgproc/core/xf_math.h:3459) [182]  (1.9 ns)
	'select' operation ('select_ln3450_10', source/imgproc/core/xf_math.h:3450) [186]  (0.705 ns)
	'xor' operation ('xor_ln3471_10', source/imgproc/core/xf_math.h:3471) [188]  (0.8 ns)
	'or' operation ('or_ln3457_11', source/imgproc/core/xf_math.h:3457) [193]  (0 ns)
	'sub' operation ('sub_ln3459_11', source/imgproc/core/xf_math.h:3459) [195]  (1.9 ns)
	'select' operation ('select_ln3450_11', source/imgproc/core/xf_math.h:3450) [199]  (0.705 ns)

 <State 15>: 6.8ns
The critical path consists of the following:
	'xor' operation ('xor_ln3471_11', source/imgproc/core/xf_math.h:3471) [201]  (0.8 ns)
	'or' operation ('or_ln3457_12', source/imgproc/core/xf_math.h:3457) [206]  (0 ns)
	'sub' operation ('sub_ln3459_12', source/imgproc/core/xf_math.h:3459) [208]  (1.9 ns)
	'select' operation ('select_ln3450_12', source/imgproc/core/xf_math.h:3450) [212]  (0.705 ns)
	'xor' operation ('xor_ln3471_12', source/imgproc/core/xf_math.h:3471) [214]  (0.8 ns)
	'or' operation ('or_ln3457_13', source/imgproc/core/xf_math.h:3457) [219]  (0 ns)
	'sub' operation ('sub_ln3459_13', source/imgproc/core/xf_math.h:3459) [221]  (1.9 ns)
	'select' operation ('select_ln3450_13', source/imgproc/core/xf_math.h:3450) [225]  (0.705 ns)

 <State 16>: 6.93ns
The critical path consists of the following:
	'xor' operation ('xor_ln3471_13', source/imgproc/core/xf_math.h:3471) [227]  (0.8 ns)
	'or' operation ('or_ln3467_14', source/imgproc/core/xf_math.h:3467) [234]  (0 ns)
	'add' operation ('add_ln3469_14', source/imgproc/core/xf_math.h:3469) [236]  (1.9 ns)
	'select' operation ('select_ln3450_14', source/imgproc/core/xf_math.h:3450) [239]  (0 ns)
	'xor' operation ('xor_ln3471_14', source/imgproc/core/xf_math.h:3471) [240]  (0.813 ns)
	fifo write on port 'magnitude_mat_4216' (C:/Xilinx/Vitis_HLS/2020.2/common/technology/autopilot/hls_stream_39.h:174) [242]  (3.42 ns)

 <State 17>: 0ns
The critical path consists of the following:


============================================================
+ Verbose Summary: Binding
============================================================
N/A
* FSMD analyzer results:
  - Output states:
 - Input state : 
  - Chain level:
	State 1
	State 2
	State 3
	State 4
	State 5
	State 6
	State 7
	State 8
	State 9
	State 10
	State 11
	State 12
	State 13
	State 14
	State 15
	State 16
	State 17


============================================================
+ Verbose Summary: Datapath Resource usage 
============================================================
N/A
