

================================================================
== Synthesis Summary Report of 'edge_canny_detector'
================================================================
+ General Information: 
    * Date:           Tue Jan 24 22:05:24 2023
    * Version:        2020.2 (Build 3064766 on Wed Nov 18 09:12:45 MST 2020)
    * Project:        edge_canny_detector
    * Solution:       solution1 (Vivado IP Flow Target)
    * Product family: zynq
    * Target device:  xc7z020-clg400-2
    

+ Performance & Resource Estimates: 
    
    PS: '+' for module; 'o' for loop; '*' for dataflow
    +------------------------------------------------------------------------------+------+-------+---------+-----------+----------+---------+--------+----------+---------+---------+-----------+------------+-----+
    |                                    Modules                                   | Issue|       | Latency |  Latency  | Iteration|         |  Trip  |          |         |         |           |            |     |
    |                                    & Loops                                   | Type | Slack | (cycles)|    (ns)   |  Latency | Interval|  Count | Pipelined|  BRAM   |   DSP   |     FF    |     LUT    | URAM|
    +------------------------------------------------------------------------------+------+-------+---------+-----------+----------+---------+--------+----------+---------+---------+-----------+------------+-----+
    |+ edge_canny_detector*                                                        |     -|  -0.09|  1859948|  1.860e+07|         -|   932402|       -|  dataflow|  20 (7%)|   6 (2%)|  5409 (5%)|  7321 (13%)|    -|
    | + grp_xFMagnitudeKernel_2_2_720_1280_3_3_1_5_5_1280_3840_s_fu_186            |     -|  -0.32|   932401|  9.324e+06|         -|   932401|       -|        no|        -|  2 (~0%)|  1603 (1%)|   2206 (4%)|    -|
    |  o rowLoop                                                                   |     -|  -7.30|   932400|  9.324e+06|      1295|        -|     720|        no|        -|        -|          -|           -|    -|
    |   o colLoop                                                                  |     -|  -7.30|     1292|  1.292e+04|        14|        1|    1280|       yes|        -|        -|          -|           -|    -|
    | + grp_xFSuppression3x3_2_0_0_720_1280_3_0_0_1_5_1_1_1280_3840_3840_s_fu_193  |     -|  -0.80|   930083|  9.301e+06|         -|   930083|       -|        no|   8 (2%)|        -|  580 (~0%)|   1063 (1%)|    -|
    |  + grp_xFFindmax3x3_3_0_0_s_fu_500                                           |    II|  -0.80|        1|     10.000|         -|        1|       -|       yes|        -|        -|   23 (~0%)|   210 (~0%)|    -|
    |  + l00_buf_V_2_xfExtractPixels_1_5_3_s_fu_526                                |    II|  -7.30|        0|      0.000|         -|        1|       -|       yes|        -|        -|          -|           -|    -|
    |  + l10_buf_V_2_xfExtractPixels_1_5_3_s_fu_531                                |    II|  -7.30|        0|      0.000|         -|        1|       -|       yes|        -|        -|          -|           -|    -|
    |  + l20_buf_V_2_xfExtractPixels_1_5_3_s_fu_536                                |    II|  -7.30|        0|      0.000|         -|        1|       -|       yes|        -|        -|          -|           -|    -|
    |  + angle_buf_V_2_xfExtractPixels_1_1_0_s_fu_541                              |    II|  -7.30|        0|      0.000|         -|        1|       -|       yes|        -|        -|          -|           -|    -|
    |  o bufColLoop                                                                |     -|  -7.30|     1280|  1.280e+04|         2|        1|    1280|       yes|        -|        -|          -|           -|    -|
    |  o rowLoop                                                                   |     -|  -7.30|   928800|  9.288e+06|      1290|        -|     720|        no|        -|        -|          -|           -|    -|
    |   o colLoop1                                                                 |     -|  -7.30|     1285|  1.285e+04|         7|        1|    1280|       yes|        -|        -|          -|           -|    -|
    | + grp_xFSobel_0_2_720_1280_0_3_1_1_5_3_false_s_fu_202                        |     -|  -0.09|   931779|  9.318e+06|         -|   931779|       -|        no|   3 (1%)|        -|  527 (~0%)|   1009 (1%)|    -|
    |  + grp_xFSobel3x3_0_2_720_1280_0_3_1_1_5_1281_3_9_false_s_fu_16              |     -|  -0.09|   931778|  9.318e+06|         -|   931778|       -|        no|   3 (1%)|        -|  522 (~0%)|    950 (1%)|    -|
    |   o VITIS_LOOP_448_1                                                         |     -|  -7.30|        3|     30.000|         1|        1|       3|       yes|        -|        -|          -|           -|    -|
    |   o read_lines                                                               |     -|  -7.30|     3849|  3.849e+04|      1283|        -|       3|        no|        -|        -|          -|           -|    -|
    |    o VITIS_LOOP_460_2                                                        |     -|  -7.30|     1280|  1.280e+04|         2|        1|    1280|       yes|        -|        -|          -|           -|    -|
    |   o VITIS_LOOP_471_3                                                         |     -|  -7.30|     1280|  1.280e+04|         2|        1|    1280|       yes|        -|        -|          -|           -|    -|
    |   o Row_Loop                                                                 |     -|  -7.30|   926640|  9.266e+06|      1287|        -|     720|        no|        -|        -|          -|           -|    -|
    |    o Col_Loop                                                                |     -|  -7.30|     1284|  1.284e+04|         5|        1|    1281|       yes|        -|        -|          -|           -|    -|
    | + grp_xFAverageGaussianMask3x3_0_0_720_1280_0_1_1_1280_s_fu_209              |     -|  -0.54|   927923|  9.279e+06|         -|   927923|       -|        no|   3 (1%)|        -|  334 (~0%)|    717 (1%)|    -|
    |  + src_buf1_V_2_xfExtractPixels_1_1_0_s_fu_386                               |    II|  -7.30|        0|      0.000|         -|        1|       -|       yes|        -|        -|          -|           -|    -|
    |  + src_buf2_V_2_xfExtractPixels_1_1_0_s_fu_391                               |    II|  -7.30|        0|      0.000|         -|        1|       -|       yes|        -|        -|          -|           -|    -|
    |  + b2_V_xfExtractPixels_1_1_0_s_fu_396                                       |    II|  -7.30|        0|      0.000|         -|        1|       -|       yes|        -|        -|          -|           -|    -|
    |  o Clear_Row_Loop                                                            |     -|  -7.30|     1280|  1.280e+04|         2|        1|    1280|       yes|        -|        -|          -|           -|    -|
    |  o Row_Loop                                                                  |     -|  -7.30|   926640|  9.266e+06|      1287|        -|     720|        no|        -|        -|          -|           -|    -|
    |   o Col_Loop                                                                 |     -|  -7.30|     1283|  1.283e+04|         5|        1|    1280|       yes|        -|        -|          -|           -|    -|
    | + grp_xFAngleKernel_2_0_720_1280_3_0_1_5_1_1280_3840_s_fu_215                |     -|  -0.66|   925921|  9.259e+06|         -|   925921|       -|        no|        -|  1 (~0%)|  358 (~0%)|   397 (~0%)|    -|
    |  o rowLoop                                                                   |     -|  -7.30|   925920|  9.259e+06|      1286|        -|     720|        no|        -|        -|          -|           -|    -|
    |   o colLoop                                                                  |     -|  -7.30|     1283|  1.283e+04|         5|        1|    1280|       yes|        -|        -|          -|           -|    -|
    | + grp_AXIvideo2xfMat_24_9_720_1280_1_16_fu_222                               |     -|  -3.90|   925924|  9.259e+06|         -|   925924|       -|        no|        -|        -|  173 (~0%)|   327 (~0%)|    -|
    |  o loop_start_hunt                                                           |     -|  -7.30|        1|     10.000|         1|        1|       1|       yes|        -|        -|          -|           -|    -|
    |  o loop_row_axi2mat                                                          |     -|  -7.30|   925920|  9.259e+06|      1286|        -|     720|        no|        -|        -|          -|           -|    -|
    |   o loop_col_zxi2mat                                                         |     -|  -7.30|     1280|  1.280e+04|         2|        1|    1280|       yes|        -|        -|          -|           -|    -|
    |   o loop_last_hunt                                                           |     -|  -7.30|        1|     10.000|         1|        1|       1|       yes|        -|        -|          -|           -|    -|
    | + grp_xfrgb2gray_720_1280_s_fu_247                                           |     -|  -2.08|   921607|  9.216e+06|         -|   921607|       -|        no|        -|   3 (1%)|  121 (~0%)|   148 (~0%)|    -|
    |  + call_ret_ExtractPixel_fu_74                                               |    II|  -7.30|        0|      0.000|         -|        1|       -|       yes|        -|        -|          -|           -|    -|
    |  o VITIS_LOOP_23_1_VITIS_LOOP_25_2                                           |     -|  -7.30|   921605|  9.216e+06|         7|        1|  921600|       yes|        -|        -|          -|           -|    -|
    | + grp_xfMat2AXIvideo_24_9_720_1280_1_s_fu_253                                |     -|  -3.90|   924481|  9.245e+06|         -|   924481|       -|        no|        -|        -|   44 (~0%)|   150 (~0%)|    -|
    |  o loop_row_mat2axi                                                          |     -|  -7.30|   924480|  9.245e+06|      1284|        -|     720|        no|        -|        -|          -|           -|    -|
    |   o loop_col_mat2axi                                                         |     -|  -7.30|     1281|  1.281e+04|         3|        1|    1280|       yes|        -|        -|          -|           -|    -|
    | + grp_duplicate_720_1280_s_fu_272                                            |     -|  -0.50|   921602|  9.216e+06|         -|   921602|       -|        no|        -|        -|   28 (~0%)|   146 (~0%)|    -|
    |  o VITIS_LOOP_116_1_VITIS_LOOP_118_2                                         |     -|  -7.30|   921600|  9.216e+06|         2|        1|  921600|       yes|        -|        -|          -|           -|    -|
    | + grp_xfgray2rgb_720_1280_s_fu_282                                           |     -|  -0.50|   921602|  9.216e+06|         -|   921602|       -|        no|        -|        -|   28 (~0%)|   110 (~0%)|    -|
    |  o VITIS_LOOP_95_1_VITIS_LOOP_97_2                                           |     -|  -7.30|   921600|  9.216e+06|         2|        1|  921600|       yes|        -|        -|          -|           -|    -|
    +------------------------------------------------------------------------------+------+-------+---------+-----------+----------+---------+--------+----------+---------+---------+-----------+------------+-----+

