

================================================================
== Vitis HLS Report for 'edge_canny_detector'
================================================================
* Date:           Tue Jan 24 22:05:23 2023

* Version:        2020.2 (Build 3064766 on Wed Nov 18 09:12:45 MST 2020)
* Project:        edge_canny_detector
* Solution:       solution1 (Vivado IP Flow Target)
* Product family: zynq
* Target device:  xc7z020-clg400-2


================================================================
== Performance Estimates
================================================================
+ Timing: 
    * Summary: 
    +--------+----------+----------+------------+
    |  Clock |  Target  | Estimated| Uncertainty|
    +--------+----------+----------+------------+
    |ap_clk  |  10.00 ns|  7.212 ns|     2.70 ns|
    +--------+----------+----------+------------+

+ Latency: 
    * Summary: 
    +---------+---------+-----------+-----------+--------+--------+----------+
    |  Latency (cycles) |   Latency (absolute)  |     Interval    | Pipeline |
    |   min   |   max   |    min    |    max    |   min  |   max  |   Type   |
    +---------+---------+-----------+-----------+--------+--------+----------+
    |  1859948|  1859948|  18.599 ms|  18.599 ms|  932402|  932402|  dataflow|
    +---------+---------+-----------+-----------+--------+--------+----------+

    + Detail: 
        * Instance: 
        +-----------------------------------------------------------------+----------------------------------------------------------------+---------+---------+----------+----------+--------+--------+---------+
        |                                                                 |                                                                |  Latency (cycles) |  Latency (absolute) |     Interval    | Pipeline|
        |                             Instance                            |                             Module                             |   min   |   max   |    min   |    max   |   min  |   max  |   Type  |
        +-----------------------------------------------------------------+----------------------------------------------------------------+---------+---------+----------+----------+--------+--------+---------+
        |xFMagnitudeKernel_2_2_720_1280_3_3_1_5_5_1280_3840_U0            |xFMagnitudeKernel_2_2_720_1280_3_3_1_5_5_1280_3840_s            |   932401|   932401|  9.324 ms|  9.324 ms|  932401|  932401|     none|
        |xFSuppression3x3_2_0_0_720_1280_3_0_0_1_5_1_1_1280_3840_3840_U0  |xFSuppression3x3_2_0_0_720_1280_3_0_0_1_5_1_1_1280_3840_3840_s  |   930083|   930083|  9.301 ms|  9.301 ms|  930083|  930083|     none|
        |xFSobel_0_2_720_1280_0_3_1_1_5_3_false_U0                        |xFSobel_0_2_720_1280_0_3_1_1_5_3_false_s                        |   931779|   931779|  9.318 ms|  9.318 ms|  931779|  931779|     none|
        |xFAverageGaussianMask3x3_0_0_720_1280_0_1_1_1280_U0              |xFAverageGaussianMask3x3_0_0_720_1280_0_1_1_1280_s              |   927923|   927923|  9.279 ms|  9.279 ms|  927923|  927923|     none|
        |xFAngleKernel_2_0_720_1280_3_0_1_5_1_1280_3840_U0                |xFAngleKernel_2_0_720_1280_3_0_1_5_1_1280_3840_s                |   925921|   925921|  9.259 ms|  9.259 ms|  925921|  925921|     none|
        |AXIvideo2xfMat_24_9_720_1280_1_16_U0                             |AXIvideo2xfMat_24_9_720_1280_1_16                               |   925203|   925924|  9.252 ms|  9.259 ms|  925203|  925924|     none|
        |xfrgb2gray_720_1280_U0                                           |xfrgb2gray_720_1280_s                                           |   921607|   921607|  9.216 ms|  9.216 ms|  921607|  921607|     none|
        |xfMat2AXIvideo_24_9_720_1280_1_U0                                |xfMat2AXIvideo_24_9_720_1280_1_s                                |   924481|   924481|  9.245 ms|  9.245 ms|  924481|  924481|     none|
        |duplicate_720_1280_U0                                            |duplicate_720_1280_s                                            |   921602|   921602|  9.216 ms|  9.216 ms|  921602|  921602|     none|
        |xfgray2rgb_720_1280_U0                                           |xfgray2rgb_720_1280_s                                           |   921602|   921602|  9.216 ms|  9.216 ms|  921602|  921602|     none|
        +-----------------------------------------------------------------+----------------------------------------------------------------+---------+---------+----------+----------+--------+--------+---------+

        * Loop: 
        N/A



================================================================
== Utilization Estimates
================================================================
* Summary: 
+-----------------+---------+-----+--------+-------+-----+
|       Name      | BRAM_18K| DSP |   FF   |  LUT  | URAM|
+-----------------+---------+-----+--------+-------+-----+
|DSP              |        -|    -|       -|      -|    -|
|Expression       |        -|    -|       0|      2|    -|
|FIFO             |        6|    -|    1613|   1046|    -|
|Instance         |       14|    6|    3796|   6273|    -|
|Memory           |        -|    -|       -|      -|    -|
|Multiplexer      |        -|    -|       -|      -|    -|
|Register         |        -|    -|       -|      -|    -|
+-----------------+---------+-----+--------+-------+-----+
|Total            |       20|    6|    5409|   7321|    0|
+-----------------+---------+-----+--------+-------+-----+
|Available        |      280|  220|  106400|  53200|    0|
+-----------------+---------+-----+--------+-------+-----+
|Utilization (%)  |        7|    2|       5|     13|    0|
+-----------------+---------+-----+--------+-------+-----+

+ Detail: 
    * Instance: 
    +-----------------------------------------------------------------+----------------------------------------------------------------+---------+----+------+------+-----+
    |                             Instance                            |                             Module                             | BRAM_18K| DSP|  FF  |  LUT | URAM|
    +-----------------------------------------------------------------+----------------------------------------------------------------+---------+----+------+------+-----+
    |AXIvideo2xfMat_24_9_720_1280_1_16_U0                             |AXIvideo2xfMat_24_9_720_1280_1_16                               |        0|   0|   173|   327|    0|
    |duplicate_720_1280_U0                                            |duplicate_720_1280_s                                            |        0|   0|    28|   146|    0|
    |xFAngleKernel_2_0_720_1280_3_0_1_5_1_1280_3840_U0                |xFAngleKernel_2_0_720_1280_3_0_1_5_1_1280_3840_s                |        0|   1|   358|   397|    0|
    |xFAverageGaussianMask3x3_0_0_720_1280_0_1_1_1280_U0              |xFAverageGaussianMask3x3_0_0_720_1280_0_1_1_1280_s              |        3|   0|   334|   717|    0|
    |xFMagnitudeKernel_2_2_720_1280_3_3_1_5_5_1280_3840_U0            |xFMagnitudeKernel_2_2_720_1280_3_3_1_5_5_1280_3840_s            |        0|   2|  1603|  2206|    0|
    |xFSobel_0_2_720_1280_0_3_1_1_5_3_false_U0                        |xFSobel_0_2_720_1280_0_3_1_1_5_3_false_s                        |        3|   0|   527|  1009|    0|
    |xFSuppression3x3_2_0_0_720_1280_3_0_0_1_5_1_1_1280_3840_3840_U0  |xFSuppression3x3_2_0_0_720_1280_3_0_0_1_5_1_1_1280_3840_3840_s  |        8|   0|   580|  1063|    0|
    |xfMat2AXIvideo_24_9_720_1280_1_U0                                |xfMat2AXIvideo_24_9_720_1280_1_s                                |        0|   0|    44|   150|    0|
    |xfgray2rgb_720_1280_U0                                           |xfgray2rgb_720_1280_s                                           |        0|   0|    28|   110|    0|
    |xfrgb2gray_720_1280_U0                                           |xfrgb2gray_720_1280_s                                           |        0|   3|   121|   148|    0|
    +-----------------------------------------------------------------+----------------------------------------------------------------+---------+----+------+------+-----+
    |Total                                                            |                                                                |       14|   6|  3796|  6273|    0|
    +-----------------------------------------------------------------+----------------------------------------------------------------+---------+----+------+------+-----+

    * DSP: 
    N/A

    * Memory: 
    N/A

    * FIFO: 
    +----------------------+---------+-----+----+-----+------+-----+---------+
    |         Name         | BRAM_18K|  FF | LUT| URAM| Depth| Bits| Size:D*B|
    +----------------------+---------+-----+----+-----+------+-----+---------+
    |gaussian_mat_data_U   |        0|   99|   0|    -|     2|    8|       16|
    |gradx1_mat_data_U     |        0|   99|   0|    -|     2|   16|       32|
    |gradx2_mat_data_U     |        0|   99|   0|    -|     2|   16|       32|
    |gradx_mat_data_U      |        0|   99|   0|    -|     2|   16|       32|
    |grady1_mat_data_U     |        0|   99|   0|    -|     2|   16|       32|
    |grady2_mat_data_U     |        0|   99|   0|    -|     2|   16|       32|
    |grady_mat_data_U      |        0|   99|   0|    -|     2|   16|       32|
    |gray_img_src_data_U   |        0|   99|   0|    -|     2|    8|       16|
    |highthreshold_c_U     |        0|   99|   0|    -|     7|    8|       56|
    |lowthreshold_c_U      |        0|   99|   0|    -|     7|    8|       56|
    |magnitude_mat_data_U  |        4|  163|   0|    -|  3840|   16|    61440|
    |nms_mat_data_U        |        0|   99|   0|    -|     2|    8|       16|
    |phase_mat_data_U      |        2|  163|   0|    -|  3840|    8|    30720|
    |rgb_img_dst_data_U    |        0|   99|   0|    -|     2|   24|       48|
    |rgb_img_src_data_U    |        0|   99|   0|    -|     2|   24|       48|
    +----------------------+---------+-----+----+-----+------+-----+---------+
    |Total                 |        6| 1613|   0|    0|  7716|  208|    92608|
    +----------------------+---------+-----+----+-----+------+-----+---------+

    * Expression: 
    +---------------------------------------------------+----------+----+---+----+------------+------------+
    |                   Variable Name                   | Operation| DSP| FF| LUT| Bitwidth P0| Bitwidth P1|
    +---------------------------------------------------+----------+----+---+----+------------+------------+
    |AXIvideo2xfMat_24_9_720_1280_1_16_U0_start_full_n  |       and|   0|  0|   1|           1|           1|
    |duplicate_720_1280_U0_start_full_n                 |       and|   0|  0|   1|           1|           1|
    +---------------------------------------------------+----------+----+---+----+------------+------------+
    |Total                                              |          |   0|  0|   2|           2|           2|
    +---------------------------------------------------+----------+----+---+----+------------+------------+

    * Multiplexer: 
    N/A

    * Register: 
    N/A



================================================================
== Interface
================================================================
* Summary: 
+----------------------+-----+-----+--------------+---------------------+--------------+
|       RTL Ports      | Dir | Bits|   Protocol   |    Source Object    |    C Type    |
+----------------------+-----+-----+--------------+---------------------+--------------+
|src_TDATA             |   in|   24|          axis|         src_V_data_V|       pointer|
|src_TKEEP             |   in|    3|          axis|         src_V_keep_V|       pointer|
|src_TSTRB             |   in|    3|          axis|         src_V_strb_V|       pointer|
|src_TUSER             |   in|    1|          axis|         src_V_user_V|       pointer|
|src_TLAST             |   in|    1|          axis|         src_V_last_V|       pointer|
|src_TID               |   in|    1|          axis|           src_V_id_V|       pointer|
|src_TDEST             |   in|    1|          axis|         src_V_dest_V|       pointer|
|src_TVALID            |   in|    1|          axis|         src_V_dest_V|       pointer|
|src_TREADY            |  out|    1|          axis|         src_V_dest_V|       pointer|
|dst_TDATA             |  out|   24|          axis|         dst_V_data_V|       pointer|
|dst_TKEEP             |  out|    3|          axis|         dst_V_keep_V|       pointer|
|dst_TSTRB             |  out|    3|          axis|         dst_V_strb_V|       pointer|
|dst_TUSER             |  out|    1|          axis|         dst_V_user_V|       pointer|
|dst_TLAST             |  out|    1|          axis|         dst_V_last_V|       pointer|
|dst_TID               |  out|    1|          axis|           dst_V_id_V|       pointer|
|dst_TDEST             |  out|    1|          axis|         dst_V_dest_V|       pointer|
|dst_TVALID            |  out|    1|          axis|         dst_V_dest_V|       pointer|
|dst_TREADY            |   in|    1|          axis|         dst_V_dest_V|       pointer|
|lowthreshold          |   in|    8|        ap_vld|         lowthreshold|       pointer|
|lowthreshold_ap_vld   |   in|    1|        ap_vld|         lowthreshold|       pointer|
|highthreshold         |   in|    8|        ap_vld|        highthreshold|       pointer|
|highthreshold_ap_vld  |   in|    1|        ap_vld|        highthreshold|       pointer|
|ap_clk                |   in|    1|  ap_ctrl_none|  edge_canny_detector|  return value|
|ap_rst_n              |   in|    1|  ap_ctrl_none|  edge_canny_detector|  return value|
+----------------------+-----+-----+--------------+---------------------+--------------+

