

================================================================
== Vitis HLS Report for 'xFFindmax3x3_3_0_0_s'
================================================================
* Date:           Tue Jan 24 22:05:21 2023

* Version:        2020.2 (Build 3064766 on Wed Nov 18 09:12:45 MST 2020)
* Project:        edge_canny_detector
* Solution:       solution1 (Vivado IP Flow Target)
* Product family: zynq
* Target device:  xc7z020-clg400-2


================================================================
== Performance Estimates
================================================================
+ Timing: 
    * Summary: 
    +--------+----------+----------+------------+
    |  Clock |  Target  | Estimated| Uncertainty|
    +--------+----------+----------+------------+
    |ap_clk  |  10.00 ns|  6.496 ns|     2.70 ns|
    +--------+----------+----------+------------+

+ Latency: 
    * Summary: 
    +---------+---------+-----------+-----------+-----+-----+---------+
    |  Latency (cycles) |   Latency (absolute)  |  Interval | Pipeline|
    |   min   |   max   |    min    |    max    | min | max |   Type  |
    +---------+---------+-----------+-----------+-----+-----+---------+
    |        1|        1|  10.000 ns|  10.000 ns|    1|    1|      yes|
    +---------+---------+-----------+-----------+-----+-----+---------+

    + Detail: 
        * Instance: 
        N/A

        * Loop: 
        N/A



================================================================
== Utilization Estimates
================================================================
* Summary: 
+-----------------+---------+-----+--------+-------+-----+
|       Name      | BRAM_18K| DSP |   FF   |  LUT  | URAM|
+-----------------+---------+-----+--------+-------+-----+
|DSP              |        -|    -|       -|      -|    -|
|Expression       |        -|    -|       0|    201|    -|
|FIFO             |        -|    -|       -|      -|    -|
|Instance         |        -|    -|       -|      -|    -|
|Memory           |        -|    -|       -|      -|    -|
|Multiplexer      |        -|    -|       -|      9|    -|
|Register         |        -|    -|      23|      -|    -|
+-----------------+---------+-----+--------+-------+-----+
|Total            |        0|    0|      23|    210|    0|
+-----------------+---------+-----+--------+-------+-----+
|Available        |      280|  220|  106400|  53200|    0|
+-----------------+---------+-----+--------+-------+-----+
|Utilization (%)  |        0|    0|      ~0|     ~0|    0|
+-----------------+---------+-----+--------+-------+-----+

+ Detail: 
    * Instance: 
    N/A

    * DSP: 
    N/A

    * Memory: 
    N/A

    * FIFO: 
    N/A

    * Expression: 
    +------------------------+----------+----+---+----+------------+------------+
    |      Variable Name     | Operation| DSP| FF| LUT| Bitwidth P0| Bitwidth P1|
    +------------------------+----------+----+---+----+------------+------------+
    |and_ln46_1_fu_335_p2    |       and|   0|  0|   1|           1|           1|
    |and_ln46_2_fu_355_p2    |       and|   0|  0|   1|           1|           1|
    |and_ln46_3_fu_366_p2    |       and|   0|  0|   1|           1|           1|
    |and_ln46_fu_329_p2      |       and|   0|  0|   1|           1|           1|
    |and_ln59_1_fu_312_p2    |       and|   0|  0|   1|           1|           1|
    |and_ln59_2_fu_372_p2    |       and|   0|  0|   1|           1|           1|
    |and_ln59_3_fu_382_p2    |       and|   0|  0|   1|           1|           1|
    |and_ln59_fu_307_p2      |       and|   0|  0|   1|           1|           1|
    |and_ln73_1_fu_289_p2    |       and|   0|  0|   1|           1|           1|
    |and_ln73_2_fu_402_p2    |       and|   0|  0|   1|           1|           1|
    |and_ln73_3_fu_413_p2    |       and|   0|  0|   1|           1|           1|
    |and_ln73_fu_283_p2      |       and|   0|  0|   1|           1|           1|
    |and_ln86_1_fu_260_p2    |       and|   0|  0|   1|           1|           1|
    |and_ln86_2_fu_264_p2    |       and|   0|  0|   1|           1|           1|
    |and_ln86_fu_255_p2      |       and|   0|  0|   1|           1|           1|
    |and_ln870_1_fu_238_p2   |       and|   0|  0|   1|           1|           1|
    |and_ln870_2_fu_249_p2   |       and|   0|  0|   1|           1|           1|
    |and_ln870_3_fu_278_p2   |       and|   0|  0|   1|           1|           1|
    |and_ln870_4_fu_302_p2   |       and|   0|  0|   1|           1|           1|
    |and_ln870_5_fu_325_p2   |       and|   0|  0|   1|           1|           1|
    |and_ln870_6_fu_424_p2   |       and|   0|  0|   1|           1|           1|
    |and_ln870_fu_228_p2     |       and|   0|  0|   1|           1|           1|
    |icmp_ln870_5_fu_142_p2  |      icmp|   0|  0|   4|           8|           6|
    |icmp_ln870_6_fu_170_p2  |      icmp|   0|  0|   4|           8|           7|
    |icmp_ln870_7_fu_188_p2  |      icmp|   0|  0|   4|           8|           8|
    |icmp_ln870_fu_124_p2    |      icmp|   0|  0|   4|           8|           1|
    |icmp_ln882_1_fu_182_p2  |      icmp|   0|  0|   7|          16|          16|
    |icmp_ln882_fu_136_p2    |      icmp|   0|  0|   7|          16|          16|
    |icmp_ln886_1_fu_130_p2  |      icmp|   0|  0|   7|          16|          16|
    |icmp_ln886_2_fu_152_p2  |      icmp|   0|  0|   7|          16|          16|
    |icmp_ln886_3_fu_158_p2  |      icmp|   0|  0|   7|          16|          16|
    |icmp_ln886_4_fu_164_p2  |      icmp|   0|  0|   7|          16|          16|
    |icmp_ln886_5_fu_176_p2  |      icmp|   0|  0|   7|          16|          16|
    |icmp_ln886_6_fu_194_p2  |      icmp|   0|  0|   7|          16|          16|
    |icmp_ln886_7_fu_200_p2  |      icmp|   0|  0|   7|          16|          16|
    |icmp_ln886_fu_118_p2    |      icmp|   0|  0|   7|          16|          16|
    |or_ln59_fu_388_p2       |        or|   0|  0|   1|           1|           1|
    |or_ln870_1_fu_435_p2    |        or|   0|  0|   1|           1|           1|
    |or_ln870_2_fu_440_p2    |        or|   0|  0|   1|           1|           1|
    |or_ln870_3_fu_445_p2    |        or|   0|  0|   1|           1|           1|
    |or_ln870_4_fu_450_p2    |        or|   0|  0|   1|           1|           1|
    |or_ln870_fu_463_p2      |        or|   0|  0|   1|           1|           1|
    |NMS_1_fu_270_p3         |    select|   0|  0|   8|           1|           8|
    |NMS_2_fu_294_p3         |    select|   0|  0|   8|           1|           8|
    |NMS_3_fu_317_p3         |    select|   0|  0|   8|           1|           8|
    |NMS_4_fu_340_p3         |    select|   0|  0|   8|           1|           8|
    |NMS_5_fu_348_p3         |    select|   0|  0|   8|           1|           8|
    |NMS_6_fu_394_p3         |    select|   0|  0|   8|           1|           2|
    |NMS_7_fu_469_p3         |    select|   0|  0|   8|           1|           8|
    |NMS_fu_211_p3           |    select|   0|  0|   9|           1|           1|
    |select_ln870_fu_455_p3  |    select|   0|  0|   2|           1|           2|
    |xor_ln46_fu_360_p2      |       xor|   0|  0|   2|           2|           1|
    |xor_ln59_fu_376_p2      |       xor|   0|  0|   2|           2|           1|
    |xor_ln73_fu_407_p2      |       xor|   0|  0|   2|           2|           1|
    |xor_ln870_1_fu_233_p2   |       xor|   0|  0|   2|           1|           2|
    |xor_ln870_2_fu_244_p2   |       xor|   0|  0|   2|           1|           2|
    |xor_ln870_3_fu_419_p2   |       xor|   0|  0|   2|           1|           2|
    |xor_ln870_4_fu_430_p2   |       xor|   0|  0|   2|           1|           2|
    |xor_ln870_fu_223_p2     |       xor|   0|  0|   2|           1|           2|
    |xor_ln882_1_fu_218_p2   |       xor|   0|  0|   2|           1|           2|
    |xor_ln882_fu_206_p2     |       xor|   0|  0|   2|           1|           2|
    +------------------------+----------+----+---+----+------------+------------+
    |Total                   |          |   0|  0| 201|         242|         280|
    +------------------------+----------+----+---+----+------------+------------+

    * Multiplexer: 
    +-----------+----+-----------+-----+-----------+
    |    Name   | LUT| Input Size| Bits| Total Bits|
    +-----------+----+-----------+-----+-----------+
    |ap_return  |   9|          2|    8|         16|
    +-----------+----+-----------+-----+-----------+
    |Total      |   9|          2|    8|         16|
    +-----------+----+-----------+-----+-----------+

    * Register: 
    +----------------------+---+----+-----+-----------+
    |         Name         | FF| LUT| Bits| Const Bits|
    +----------------------+---+----+-----+-----------+
    |ap_ce_reg             |  1|   0|    1|          0|
    |ap_return_int_reg     |  8|   0|    8|          0|
    |icmp_ln870_5_reg_503  |  1|   0|    1|          0|
    |icmp_ln870_6_reg_527  |  1|   0|    1|          0|
    |icmp_ln870_7_reg_545  |  1|   0|    1|          0|
    |icmp_ln870_reg_485    |  1|   0|    1|          0|
    |icmp_ln882_1_reg_540  |  1|   0|    1|          0|
    |icmp_ln882_reg_498    |  1|   0|    1|          0|
    |icmp_ln886_1_reg_492  |  1|   0|    1|          0|
    |icmp_ln886_2_reg_510  |  1|   0|    1|          0|
    |icmp_ln886_3_reg_515  |  1|   0|    1|          0|
    |icmp_ln886_4_reg_521  |  1|   0|    1|          0|
    |icmp_ln886_5_reg_534  |  1|   0|    1|          0|
    |icmp_ln886_6_reg_552  |  1|   0|    1|          0|
    |icmp_ln886_7_reg_557  |  1|   0|    1|          0|
    |icmp_ln886_reg_477    |  1|   0|    1|          0|
    +----------------------+---+----+-----+-----------+
    |Total                 | 23|   0|   23|          0|
    +----------------------+---+----+-----+-----------+



================================================================
== Interface
================================================================
* Summary: 
+------------------+-----+-----+------------+-----------------------+--------------+
|     RTL Ports    | Dir | Bits|  Protocol  |     Source Object     |    C Type    |
+------------------+-----+-----+------------+-----------------------+--------------+
|ap_clk            |   in|    1|  ap_ctrl_hs|  xFFindmax3x3<3, 0, 0>|  return value|
|ap_rst            |   in|    1|  ap_ctrl_hs|  xFFindmax3x3<3, 0, 0>|  return value|
|ap_return         |  out|    8|  ap_ctrl_hs|  xFFindmax3x3<3, 0, 0>|  return value|
|ap_ce             |   in|    1|  ap_ctrl_hs|  xFFindmax3x3<3, 0, 0>|  return value|
|p_i00             |   in|   16|     ap_none|                  p_i00|        scalar|
|p_i01             |   in|   16|     ap_none|                  p_i01|        scalar|
|p_i02             |   in|   16|     ap_none|                  p_i02|        scalar|
|p_i10             |   in|   16|     ap_none|                  p_i10|        scalar|
|p_i11             |   in|   16|     ap_none|                  p_i11|        scalar|
|p_i12             |   in|   16|     ap_none|                  p_i12|        scalar|
|p_i20             |   in|   16|     ap_none|                  p_i20|        scalar|
|p_i21             |   in|   16|     ap_none|                  p_i21|        scalar|
|p_i22             |   in|   16|     ap_none|                  p_i22|        scalar|
|angle             |   in|    8|     ap_none|                  angle|        scalar|
|p_low_threshold   |   in|    8|     ap_none|        p_low_threshold|        scalar|
|p_high_threshold  |   in|    8|     ap_none|       p_high_threshold|        scalar|
+------------------+-----+-----+------------+-----------------------+--------------+

